{
  "D:\\React2023Q1\\React-modules\\src\\app\\store.tsx": {
    "path": "D:\\React2023Q1\\React-modules\\src\\app\\store.tsx",
    "all": false,
    "statementMap": {
      "0": { "start": { "line": 1, "column": 0 }, "end": { "line": 1, "column": 50 } },
      "1": { "start": { "line": 2, "column": 0 }, "end": { "line": 2, "column": 64 } },
      "2": { "start": { "line": 3, "column": 0 }, "end": { "line": 3, "column": 56 } },
      "3": { "start": { "line": 4, "column": 0 }, "end": { "line": 4, "column": 59 } },
      "4": { "start": { "line": 5, "column": 0 }, "end": { "line": 5, "column": 0 } },
      "5": { "start": { "line": 6, "column": 0 }, "end": { "line": 6, "column": 37 } },
      "6": { "start": { "line": 7, "column": 0 }, "end": { "line": 7, "column": 22 } },
      "7": { "start": { "line": 8, "column": 0 }, "end": { "line": 8, "column": 98 } },
      "8": { "start": { "line": 9, "column": 0 }, "end": { "line": 9, "column": 3 } },
      "9": { "start": { "line": 10, "column": 0 }, "end": { "line": 10, "column": 0 } },
      "10": { "start": { "line": 11, "column": 0 }, "end": { "line": 11, "column": 58 } },
      "11": { "start": { "line": 12, "column": 0 }, "end": { "line": 12, "column": 48 } },
      "12": { "start": { "line": 13, "column": 0 }, "end": { "line": 13, "column": 0 } },
      "13": { "start": { "line": 14, "column": 0 }, "end": { "line": 14, "column": 31 } }
    },
    "s": {
      "0": 1,
      "1": 1,
      "2": 1,
      "3": 1,
      "4": 1,
      "5": 1,
      "6": 1,
      "7": 1,
      "8": 1,
      "9": 1,
      "10": 1,
      "11": 1,
      "12": 1,
      "13": 1
    },
    "branchMap": {
      "0": {
        "type": "branch",
        "line": 8,
        "loc": { "start": { "line": 8, "column": 14 }, "end": { "line": 8, "column": 98 } },
        "locations": [{ "start": { "line": 8, "column": 14 }, "end": { "line": 8, "column": 98 } }]
      },
      "1": {
        "type": "branch",
        "line": 9,
        "loc": { "start": { "line": 9, "column": 1 }, "end": { "line": 9, "column": 3 } },
        "locations": [{ "start": { "line": 9, "column": 1 }, "end": { "line": 9, "column": 3 } }]
      }
    },
    "b": { "0": [4], "1": [4] },
    "fnMap": {
      "0": {
        "name": "middleware",
        "decl": { "start": { "line": 8, "column": 14 }, "end": { "line": 8, "column": 98 } },
        "loc": { "start": { "line": 8, "column": 14 }, "end": { "line": 8, "column": 98 } },
        "line": 8
      },
      "1": {
        "name": "get",
        "decl": { "start": { "line": 9, "column": 1 }, "end": { "line": 9, "column": 3 } },
        "loc": { "start": { "line": 9, "column": 1 }, "end": { "line": 9, "column": 3 } },
        "line": 9
      }
    },
    "f": { "0": 4, "1": 4 }
  },
  "D:\\React2023Q1\\React-modules\\src\\components\\Card\\Card.tsx": {
    "path": "D:\\React2023Q1\\React-modules\\src\\components\\Card\\Card.tsx",
    "all": false,
    "statementMap": {
      "0": { "start": { "line": 1, "column": 0 }, "end": { "line": 1, "column": 38 } },
      "1": { "start": { "line": 2, "column": 0 }, "end": { "line": 2, "column": 44 } },
      "2": { "start": { "line": 3, "column": 0 }, "end": { "line": 3, "column": 35 } },
      "3": { "start": { "line": 4, "column": 0 }, "end": { "line": 4, "column": 50 } },
      "4": { "start": { "line": 5, "column": 0 }, "end": { "line": 5, "column": 53 } },
      "5": { "start": { "line": 6, "column": 0 }, "end": { "line": 6, "column": 0 } },
      "6": { "start": { "line": 7, "column": 0 }, "end": { "line": 7, "column": 20 } },
      "7": { "start": { "line": 8, "column": 0 }, "end": { "line": 8, "column": 0 } },
      "8": { "start": { "line": 9, "column": 0 }, "end": { "line": 9, "column": 14 } },
      "9": { "start": { "line": 10, "column": 0 }, "end": { "line": 10, "column": 17 } },
      "10": { "start": { "line": 11, "column": 0 }, "end": { "line": 11, "column": 2 } },
      "11": { "start": { "line": 12, "column": 0 }, "end": { "line": 12, "column": 0 } },
      "12": { "start": { "line": 13, "column": 0 }, "end": { "line": 13, "column": 32 } },
      "13": { "start": { "line": 14, "column": 0 }, "end": { "line": 14, "column": 40 } },
      "14": { "start": { "line": 15, "column": 0 }, "end": { "line": 15, "column": 10 } },
      "15": { "start": { "line": 16, "column": 0 }, "end": { "line": 16, "column": 6 } },
      "16": { "start": { "line": 17, "column": 0 }, "end": { "line": 17, "column": 52 } },
      "17": { "start": { "line": 18, "column": 0 }, "end": { "line": 18, "column": 35 } },
      "18": { "start": { "line": 19, "column": 0 }, "end": { "line": 19, "column": 12 } },
      "19": { "start": { "line": 20, "column": 0 }, "end": { "line": 20, "column": 45 } },
      "20": { "start": { "line": 21, "column": 0 }, "end": { "line": 21, "column": 31 } },
      "21": { "start": { "line": 22, "column": 0 }, "end": { "line": 22, "column": 41 } },
      "22": { "start": { "line": 23, "column": 0 }, "end": { "line": 23, "column": 39 } },
      "23": { "start": { "line": 24, "column": 0 }, "end": { "line": 24, "column": 57 } },
      "24": { "start": { "line": 25, "column": 0 }, "end": { "line": 25, "column": 29 } },
      "25": { "start": { "line": 26, "column": 0 }, "end": { "line": 26, "column": 19 } },
      "26": { "start": { "line": 27, "column": 0 }, "end": { "line": 27, "column": 67 } },
      "27": { "start": { "line": 28, "column": 0 }, "end": { "line": 28, "column": 20 } },
      "28": { "start": { "line": 29, "column": 0 }, "end": { "line": 29, "column": 16 } },
      "29": { "start": { "line": 30, "column": 0 }, "end": { "line": 30, "column": 31 } },
      "30": { "start": { "line": 31, "column": 0 }, "end": { "line": 31, "column": 19 } },
      "31": { "start": { "line": 32, "column": 0 }, "end": { "line": 32, "column": 71 } },
      "32": { "start": { "line": 33, "column": 0 }, "end": { "line": 33, "column": 20 } },
      "33": { "start": { "line": 34, "column": 0 }, "end": { "line": 34, "column": 16 } },
      "34": { "start": { "line": 35, "column": 0 }, "end": { "line": 35, "column": 31 } },
      "35": { "start": { "line": 36, "column": 0 }, "end": { "line": 36, "column": 19 } },
      "36": { "start": { "line": 37, "column": 0 }, "end": { "line": 37, "column": 76 } },
      "37": { "start": { "line": 38, "column": 0 }, "end": { "line": 38, "column": 20 } },
      "38": { "start": { "line": 39, "column": 0 }, "end": { "line": 39, "column": 16 } },
      "39": { "start": { "line": 40, "column": 0 }, "end": { "line": 40, "column": 32 } },
      "40": { "start": { "line": 41, "column": 0 }, "end": { "line": 41, "column": 19 } },
      "41": { "start": { "line": 42, "column": 0 }, "end": { "line": 42, "column": 73 } },
      "42": { "start": { "line": 43, "column": 0 }, "end": { "line": 43, "column": 20 } },
      "43": { "start": { "line": 44, "column": 0 }, "end": { "line": 44, "column": 16 } },
      "44": { "start": { "line": 45, "column": 0 }, "end": { "line": 45, "column": 18 } },
      "45": { "start": { "line": 46, "column": 0 }, "end": { "line": 46, "column": 16 } },
      "46": { "start": { "line": 47, "column": 0 }, "end": { "line": 47, "column": 14 } },
      "47": { "start": { "line": 48, "column": 0 }, "end": { "line": 48, "column": 14 } },
      "48": { "start": { "line": 49, "column": 0 }, "end": { "line": 49, "column": 7 } },
      "49": { "start": { "line": 50, "column": 0 }, "end": { "line": 50, "column": 4 } },
      "50": { "start": { "line": 51, "column": 0 }, "end": { "line": 51, "column": 1 } },
      "51": { "start": { "line": 52, "column": 0 }, "end": { "line": 52, "column": 0 } },
      "52": { "start": { "line": 53, "column": 0 }, "end": { "line": 53, "column": 20 } }
    },
    "s": {
      "0": 1,
      "1": 1,
      "2": 1,
      "3": 1,
      "4": 1,
      "5": 1,
      "6": 1,
      "7": 1,
      "8": 1,
      "9": 1,
      "10": 1,
      "11": 1,
      "12": 3,
      "13": 3,
      "14": 3,
      "15": 3,
      "16": 3,
      "17": 3,
      "18": 3,
      "19": 3,
      "20": 3,
      "21": 3,
      "22": 3,
      "23": 3,
      "24": 3,
      "25": 1,
      "26": 1,
      "27": 1,
      "28": 3,
      "29": 3,
      "30": 1,
      "31": 1,
      "32": 1,
      "33": 3,
      "34": 3,
      "35": 1,
      "36": 1,
      "37": 1,
      "38": 3,
      "39": 3,
      "40": 1,
      "41": 1,
      "42": 1,
      "43": 3,
      "44": 3,
      "45": 3,
      "46": 3,
      "47": 3,
      "48": 3,
      "49": 3,
      "50": 3,
      "51": 1,
      "52": 1
    },
    "branchMap": {
      "0": {
        "type": "branch",
        "line": 13,
        "loc": { "start": { "line": 13, "column": 0 }, "end": { "line": 51, "column": 1 } },
        "locations": [{ "start": { "line": 13, "column": 0 }, "end": { "line": 51, "column": 1 } }]
      },
      "1": {
        "type": "branch",
        "line": 25,
        "loc": { "start": { "line": 25, "column": 20 }, "end": { "line": 28, "column": 20 } },
        "locations": [
          { "start": { "line": 25, "column": 20 }, "end": { "line": 28, "column": 20 } }
        ]
      },
      "2": {
        "type": "branch",
        "line": 30,
        "loc": { "start": { "line": 30, "column": 20 }, "end": { "line": 33, "column": 20 } },
        "locations": [
          { "start": { "line": 30, "column": 20 }, "end": { "line": 33, "column": 20 } }
        ]
      },
      "3": {
        "type": "branch",
        "line": 35,
        "loc": { "start": { "line": 35, "column": 20 }, "end": { "line": 38, "column": 20 } },
        "locations": [
          { "start": { "line": 35, "column": 20 }, "end": { "line": 38, "column": 20 } }
        ]
      },
      "4": {
        "type": "branch",
        "line": 40,
        "loc": { "start": { "line": 40, "column": 20 }, "end": { "line": 43, "column": 20 } },
        "locations": [
          { "start": { "line": 40, "column": 20 }, "end": { "line": 43, "column": 20 } }
        ]
      }
    },
    "b": { "0": [3], "1": [1], "2": [1], "3": [1], "4": [1] },
    "fnMap": {
      "0": {
        "name": "Card",
        "decl": { "start": { "line": 13, "column": 0 }, "end": { "line": 51, "column": 1 } },
        "loc": { "start": { "line": 13, "column": 0 }, "end": { "line": 51, "column": 1 } },
        "line": 13
      }
    },
    "f": { "0": 3 }
  },
  "D:\\React2023Q1\\React-modules\\src\\components\\CardContent\\CardContent.tsx": {
    "path": "D:\\React2023Q1\\React-modules\\src\\components\\CardContent\\CardContent.tsx",
    "all": false,
    "statementMap": {
      "0": { "start": { "line": 1, "column": 0 }, "end": { "line": 1, "column": 50 } },
      "1": { "start": { "line": 2, "column": 0 }, "end": { "line": 2, "column": 0 } },
      "2": { "start": { "line": 3, "column": 0 }, "end": { "line": 3, "column": 27 } },
      "3": { "start": { "line": 4, "column": 0 }, "end": { "line": 4, "column": 0 } },
      "4": { "start": { "line": 5, "column": 0 }, "end": { "line": 5, "column": 14 } },
      "5": { "start": { "line": 6, "column": 0 }, "end": { "line": 6, "column": 17 } },
      "6": { "start": { "line": 7, "column": 0 }, "end": { "line": 7, "column": 2 } },
      "7": { "start": { "line": 8, "column": 0 }, "end": { "line": 8, "column": 0 } },
      "8": { "start": { "line": 9, "column": 0 }, "end": { "line": 9, "column": 39 } },
      "9": { "start": { "line": 10, "column": 0 }, "end": { "line": 10, "column": 10 } },
      "10": { "start": { "line": 11, "column": 0 }, "end": { "line": 11, "column": 6 } },
      "11": { "start": { "line": 12, "column": 0 }, "end": { "line": 12, "column": 74 } },
      "12": { "start": { "line": 13, "column": 0 }, "end": { "line": 13, "column": 51 } },
      "13": { "start": { "line": 14, "column": 0 }, "end": { "line": 14, "column": 45 } },
      "14": { "start": { "line": 15, "column": 0 }, "end": { "line": 15, "column": 25 } },
      "15": { "start": { "line": 16, "column": 0 }, "end": { "line": 16, "column": 13 } },
      "16": { "start": { "line": 17, "column": 0 }, "end": { "line": 17, "column": 65 } },
      "17": { "start": { "line": 18, "column": 0 }, "end": { "line": 18, "column": 14 } },
      "18": { "start": { "line": 19, "column": 0 }, "end": { "line": 19, "column": 10 } },
      "19": { "start": { "line": 20, "column": 0 }, "end": { "line": 20, "column": 26 } },
      "20": { "start": { "line": 21, "column": 0 }, "end": { "line": 21, "column": 13 } },
      "21": { "start": { "line": 22, "column": 0 }, "end": { "line": 22, "column": 67 } },
      "22": { "start": { "line": 23, "column": 0 }, "end": { "line": 23, "column": 14 } },
      "23": { "start": { "line": 24, "column": 0 }, "end": { "line": 24, "column": 10 } },
      "24": { "start": { "line": 25, "column": 0 }, "end": { "line": 25, "column": 27 } },
      "25": { "start": { "line": 26, "column": 0 }, "end": { "line": 26, "column": 13 } },
      "26": { "start": { "line": 27, "column": 0 }, "end": { "line": 27, "column": 54 } },
      "27": { "start": { "line": 28, "column": 0 }, "end": { "line": 28, "column": 32 } },
      "28": { "start": { "line": 29, "column": 0 }, "end": { "line": 29, "column": 14 } },
      "29": { "start": { "line": 30, "column": 0 }, "end": { "line": 30, "column": 10 } },
      "30": { "start": { "line": 31, "column": 0 }, "end": { "line": 31, "column": 30 } },
      "31": { "start": { "line": 32, "column": 0 }, "end": { "line": 32, "column": 13 } },
      "32": { "start": { "line": 33, "column": 0 }, "end": { "line": 33, "column": 76 } },
      "33": { "start": { "line": 34, "column": 0 }, "end": { "line": 34, "column": 14 } },
      "34": { "start": { "line": 35, "column": 0 }, "end": { "line": 35, "column": 10 } },
      "35": { "start": { "line": 36, "column": 0 }, "end": { "line": 36, "column": 27 } },
      "36": { "start": { "line": 37, "column": 0 }, "end": { "line": 37, "column": 13 } },
      "37": { "start": { "line": 38, "column": 0 }, "end": { "line": 38, "column": 69 } },
      "38": { "start": { "line": 39, "column": 0 }, "end": { "line": 39, "column": 14 } },
      "39": { "start": { "line": 40, "column": 0 }, "end": { "line": 40, "column": 10 } },
      "40": { "start": { "line": 41, "column": 0 }, "end": { "line": 41, "column": 27 } },
      "41": { "start": { "line": 42, "column": 0 }, "end": { "line": 42, "column": 13 } },
      "42": { "start": { "line": 43, "column": 0 }, "end": { "line": 43, "column": 69 } },
      "43": { "start": { "line": 44, "column": 0 }, "end": { "line": 44, "column": 14 } },
      "44": { "start": { "line": 45, "column": 0 }, "end": { "line": 45, "column": 10 } },
      "45": { "start": { "line": 46, "column": 0 }, "end": { "line": 46, "column": 12 } },
      "46": { "start": { "line": 47, "column": 0 }, "end": { "line": 47, "column": 7 } },
      "47": { "start": { "line": 48, "column": 0 }, "end": { "line": 48, "column": 4 } },
      "48": { "start": { "line": 49, "column": 0 }, "end": { "line": 49, "column": 1 } },
      "49": { "start": { "line": 50, "column": 0 }, "end": { "line": 50, "column": 0 } },
      "50": { "start": { "line": 51, "column": 0 }, "end": { "line": 51, "column": 27 } }
    },
    "s": {
      "0": 1,
      "1": 1,
      "2": 1,
      "3": 1,
      "4": 1,
      "5": 1,
      "6": 1,
      "7": 1,
      "8": 4,
      "9": 4,
      "10": 4,
      "11": 4,
      "12": 4,
      "13": 4,
      "14": 4,
      "15": 2,
      "16": 2,
      "17": 2,
      "18": 4,
      "19": 4,
      "20": 2,
      "21": 2,
      "22": 2,
      "23": 4,
      "24": 4,
      "25": 2,
      "26": 2,
      "27": 2,
      "28": 2,
      "29": 4,
      "30": 4,
      "31": 4,
      "32": 4,
      "33": 4,
      "34": 4,
      "35": 4,
      "36": 4,
      "37": 4,
      "38": 4,
      "39": 4,
      "40": 4,
      "41": 4,
      "42": 4,
      "43": 4,
      "44": 4,
      "45": 4,
      "46": 4,
      "47": 4,
      "48": 4,
      "49": 1,
      "50": 1
    },
    "branchMap": {
      "0": {
        "type": "branch",
        "line": 9,
        "loc": { "start": { "line": 9, "column": 0 }, "end": { "line": 49, "column": 1 } },
        "locations": [{ "start": { "line": 9, "column": 0 }, "end": { "line": 49, "column": 1 } }]
      },
      "1": {
        "type": "branch",
        "line": 15,
        "loc": { "start": { "line": 15, "column": 14 }, "end": { "line": 18, "column": 14 } },
        "locations": [
          { "start": { "line": 15, "column": 14 }, "end": { "line": 18, "column": 14 } }
        ]
      },
      "2": {
        "type": "branch",
        "line": 20,
        "loc": { "start": { "line": 20, "column": 14 }, "end": { "line": 23, "column": 14 } },
        "locations": [
          { "start": { "line": 20, "column": 14 }, "end": { "line": 23, "column": 14 } }
        ]
      },
      "3": {
        "type": "branch",
        "line": 25,
        "loc": { "start": { "line": 25, "column": 14 }, "end": { "line": 29, "column": 14 } },
        "locations": [
          { "start": { "line": 25, "column": 14 }, "end": { "line": 29, "column": 14 } }
        ]
      }
    },
    "b": { "0": [4], "1": [2], "2": [2], "3": [2] },
    "fnMap": {
      "0": {
        "name": "CardContent",
        "decl": { "start": { "line": 9, "column": 0 }, "end": { "line": 49, "column": 1 } },
        "loc": { "start": { "line": 9, "column": 0 }, "end": { "line": 49, "column": 1 } },
        "line": 9
      }
    },
    "f": { "0": 4 }
  },
  "D:\\React2023Q1\\React-modules\\src\\components\\Cards\\Cards.tsx": {
    "path": "D:\\React2023Q1\\React-modules\\src\\components\\Cards\\Cards.tsx",
    "all": false,
    "statementMap": {
      "0": { "start": { "line": 1, "column": 0 }, "end": { "line": 1, "column": 32 } },
      "1": { "start": { "line": 2, "column": 0 }, "end": { "line": 2, "column": 50 } },
      "2": { "start": { "line": 3, "column": 0 }, "end": { "line": 3, "column": 0 } },
      "3": { "start": { "line": 4, "column": 0 }, "end": { "line": 4, "column": 21 } },
      "4": { "start": { "line": 5, "column": 0 }, "end": { "line": 5, "column": 0 } },
      "5": { "start": { "line": 6, "column": 0 }, "end": { "line": 6, "column": 14 } },
      "6": { "start": { "line": 7, "column": 0 }, "end": { "line": 7, "column": 21 } },
      "7": { "start": { "line": 8, "column": 0 }, "end": { "line": 8, "column": 2 } },
      "8": { "start": { "line": 9, "column": 0 }, "end": { "line": 9, "column": 0 } },
      "9": { "start": { "line": 10, "column": 0 }, "end": { "line": 10, "column": 34 } },
      "10": { "start": { "line": 11, "column": 0 }, "end": { "line": 11, "column": 10 } },
      "11": { "start": { "line": 12, "column": 0 }, "end": { "line": 12, "column": 38 } },
      "12": { "start": { "line": 13, "column": 0 }, "end": { "line": 13, "column": 36 } },
      "13": { "start": { "line": 14, "column": 0 }, "end": { "line": 14, "column": 68 } },
      "14": { "start": { "line": 15, "column": 0 }, "end": { "line": 15, "column": 9 } },
      "15": { "start": { "line": 16, "column": 0 }, "end": { "line": 16, "column": 10 } },
      "16": { "start": { "line": 17, "column": 0 }, "end": { "line": 17, "column": 4 } },
      "17": { "start": { "line": 18, "column": 0 }, "end": { "line": 18, "column": 1 } },
      "18": { "start": { "line": 19, "column": 0 }, "end": { "line": 19, "column": 0 } },
      "19": { "start": { "line": 20, "column": 0 }, "end": { "line": 20, "column": 21 } }
    },
    "s": {
      "0": 1,
      "1": 1,
      "2": 1,
      "3": 1,
      "4": 1,
      "5": 1,
      "6": 1,
      "7": 1,
      "8": 1,
      "9": 5,
      "10": 5,
      "11": 5,
      "12": 5,
      "13": 2,
      "14": 5,
      "15": 5,
      "16": 5,
      "17": 5,
      "18": 1,
      "19": 1
    },
    "branchMap": {
      "0": {
        "type": "branch",
        "line": 10,
        "loc": { "start": { "line": 10, "column": 0 }, "end": { "line": 18, "column": 1 } },
        "locations": [{ "start": { "line": 10, "column": 0 }, "end": { "line": 18, "column": 1 } }]
      },
      "1": {
        "type": "branch",
        "line": 13,
        "loc": { "start": { "line": 13, "column": 18 }, "end": { "line": 14, "column": 68 } },
        "locations": [
          { "start": { "line": 13, "column": 18 }, "end": { "line": 14, "column": 68 } }
        ]
      },
      "2": {
        "type": "branch",
        "line": 14,
        "loc": { "start": { "line": 14, "column": 36 }, "end": { "line": 14, "column": 59 } },
        "locations": [
          { "start": { "line": 14, "column": 36 }, "end": { "line": 14, "column": 59 } }
        ]
      }
    },
    "b": { "0": [5], "1": [2], "2": [0] },
    "fnMap": {
      "0": {
        "name": "Cards",
        "decl": { "start": { "line": 10, "column": 0 }, "end": { "line": 18, "column": 1 } },
        "loc": { "start": { "line": 10, "column": 0 }, "end": { "line": 18, "column": 1 } },
        "line": 10
      }
    },
    "f": { "0": 5 }
  },
  "D:\\React2023Q1\\React-modules\\src\\components\\CardsOnMain\\CardsOnMain.tsx": {
    "path": "D:\\React2023Q1\\React-modules\\src\\components\\CardsOnMain\\CardsOnMain.tsx",
    "all": false,
    "statementMap": {
      "0": { "start": { "line": 1, "column": 0 }, "end": { "line": 1, "column": 55 } },
      "1": { "start": { "line": 2, "column": 0 }, "end": { "line": 2, "column": 55 } },
      "2": { "start": { "line": 3, "column": 0 }, "end": { "line": 3, "column": 49 } },
      "3": { "start": { "line": 4, "column": 0 }, "end": { "line": 4, "column": 49 } },
      "4": { "start": { "line": 5, "column": 0 }, "end": { "line": 5, "column": 47 } },
      "5": { "start": { "line": 6, "column": 0 }, "end": { "line": 6, "column": 50 } },
      "6": { "start": { "line": 7, "column": 0 }, "end": { "line": 7, "column": 68 } },
      "7": { "start": { "line": 8, "column": 0 }, "end": { "line": 8, "column": 78 } },
      "8": { "start": { "line": 9, "column": 0 }, "end": { "line": 9, "column": 0 } },
      "9": { "start": { "line": 10, "column": 0 }, "end": { "line": 10, "column": 27 } },
      "10": { "start": { "line": 11, "column": 0 }, "end": { "line": 11, "column": 0 } },
      "11": { "start": { "line": 12, "column": 0 }, "end": { "line": 12, "column": 24 } },
      "12": { "start": { "line": 13, "column": 0 }, "end": { "line": 13, "column": 33 } },
      "13": { "start": { "line": 14, "column": 0 }, "end": { "line": 14, "column": 81 } },
      "14": { "start": { "line": 15, "column": 0 }, "end": { "line": 15, "column": 79 } },
      "15": { "start": { "line": 16, "column": 0 }, "end": { "line": 16, "column": 42 } },
      "16": { "start": { "line": 17, "column": 0 }, "end": { "line": 17, "column": 67 } },
      "17": { "start": { "line": 18, "column": 0 }, "end": { "line": 18, "column": 5 } },
      "18": { "start": { "line": 19, "column": 0 }, "end": { "line": 19, "column": 82 } },
      "19": { "start": { "line": 20, "column": 0 }, "end": { "line": 20, "column": 0 } },
      "20": { "start": { "line": 21, "column": 0 }, "end": { "line": 21, "column": 19 } },
      "21": { "start": { "line": 22, "column": 0 }, "end": { "line": 22, "column": 55 } },
      "22": { "start": { "line": 23, "column": 0 }, "end": { "line": 23, "column": 39 } },
      "23": { "start": { "line": 24, "column": 0 }, "end": { "line": 24, "column": 48 } },
      "24": { "start": { "line": 25, "column": 0 }, "end": { "line": 25, "column": 13 } },
      "25": { "start": { "line": 26, "column": 0 }, "end": { "line": 26, "column": 12 } },
      "26": { "start": { "line": 27, "column": 0 }, "end": { "line": 27, "column": 38 } },
      "27": { "start": { "line": 28, "column": 0 }, "end": { "line": 28, "column": 5 } },
      "28": { "start": { "line": 29, "column": 0 }, "end": { "line": 29, "column": 37 } },
      "29": { "start": { "line": 30, "column": 0 }, "end": { "line": 30, "column": 0 } },
      "30": { "start": { "line": 31, "column": 0 }, "end": { "line": 31, "column": 58 } },
      "31": { "start": { "line": 32, "column": 0 }, "end": { "line": 32, "column": 23 } },
      "32": { "start": { "line": 33, "column": 0 }, "end": { "line": 33, "column": 4 } },
      "33": { "start": { "line": 34, "column": 0 }, "end": { "line": 34, "column": 0 } },
      "34": { "start": { "line": 35, "column": 0 }, "end": { "line": 35, "column": 14 } },
      "35": { "start": { "line": 36, "column": 0 }, "end": { "line": 36, "column": 48 } },
      "36": { "start": { "line": 37, "column": 0 }, "end": { "line": 37, "column": 25 } },
      "37": { "start": { "line": 38, "column": 0 }, "end": { "line": 38, "column": 12 } },
      "38": { "start": { "line": 39, "column": 0 }, "end": { "line": 39, "column": 40 } },
      "39": { "start": { "line": 40, "column": 0 }, "end": { "line": 40, "column": 61 } },
      "40": { "start": { "line": 41, "column": 0 }, "end": { "line": 41, "column": 12 } },
      "41": { "start": { "line": 42, "column": 0 }, "end": { "line": 42, "column": 6 } },
      "42": { "start": { "line": 43, "column": 0 }, "end": { "line": 43, "column": 10 } },
      "43": { "start": { "line": 44, "column": 0 }, "end": { "line": 44, "column": 12 } },
      "44": { "start": { "line": 45, "column": 0 }, "end": { "line": 45, "column": 8 } },
      "45": { "start": { "line": 46, "column": 0 }, "end": { "line": 46, "column": 68 } },
      "46": { "start": { "line": 47, "column": 0 }, "end": { "line": 47, "column": 23 } },
      "47": { "start": { "line": 48, "column": 0 }, "end": { "line": 48, "column": 99 } },
      "48": { "start": { "line": 49, "column": 0 }, "end": { "line": 49, "column": 95 } },
      "49": { "start": { "line": 50, "column": 0 }, "end": { "line": 50, "column": 15 } },
      "50": { "start": { "line": 51, "column": 0 }, "end": { "line": 51, "column": 9 } },
      "51": { "start": { "line": 52, "column": 0 }, "end": { "line": 52, "column": 6 } },
      "52": { "start": { "line": 53, "column": 0 }, "end": { "line": 53, "column": 3 } },
      "53": { "start": { "line": 54, "column": 0 }, "end": { "line": 54, "column": 1 } },
      "54": { "start": { "line": 55, "column": 0 }, "end": { "line": 55, "column": 0 } },
      "55": { "start": { "line": 56, "column": 0 }, "end": { "line": 56, "column": 27 } }
    },
    "s": {
      "0": 1,
      "1": 1,
      "2": 1,
      "3": 1,
      "4": 1,
      "5": 1,
      "6": 1,
      "7": 1,
      "8": 1,
      "9": 1,
      "10": 1,
      "11": 7,
      "12": 7,
      "13": 7,
      "14": 7,
      "15": 7,
      "16": 2,
      "17": 7,
      "18": 7,
      "19": 7,
      "20": 7,
      "21": 3,
      "22": 3,
      "23": 0,
      "24": 0,
      "25": 3,
      "26": 3,
      "27": 3,
      "28": 7,
      "29": 7,
      "30": 7,
      "31": 0,
      "32": 0,
      "33": 7,
      "34": 7,
      "35": 2,
      "36": 4,
      "37": 4,
      "38": 4,
      "39": 4,
      "40": 4,
      "41": 4,
      "42": 4,
      "43": 0,
      "44": 0,
      "45": 0,
      "46": 0,
      "47": 0,
      "48": 0,
      "49": 0,
      "50": 0,
      "51": 0,
      "52": 0,
      "53": 7,
      "54": 1,
      "55": 1
    },
    "branchMap": {
      "0": {
        "type": "branch",
        "line": 12,
        "loc": { "start": { "line": 12, "column": 0 }, "end": { "line": 54, "column": 1 } },
        "locations": [{ "start": { "line": 12, "column": 0 }, "end": { "line": 54, "column": 1 } }]
      },
      "1": {
        "type": "branch",
        "line": 35,
        "loc": { "start": { "line": 35, "column": 13 }, "end": { "line": 53, "column": 3 } },
        "locations": [{ "start": { "line": 35, "column": 13 }, "end": { "line": 53, "column": 3 } }]
      },
      "2": {
        "type": "branch",
        "line": 35,
        "loc": { "start": { "line": 35, "column": 13 }, "end": { "line": 37, "column": 13 } },
        "locations": [
          { "start": { "line": 35, "column": 13 }, "end": { "line": 37, "column": 13 } }
        ]
      },
      "3": {
        "type": "branch",
        "line": 43,
        "loc": { "start": { "line": 43, "column": 2 }, "end": { "line": 53, "column": 3 } },
        "locations": [{ "start": { "line": 43, "column": 2 }, "end": { "line": 53, "column": 3 } }]
      },
      "4": {
        "type": "branch",
        "line": 14,
        "loc": { "start": { "line": 14, "column": 34 }, "end": { "line": 14, "column": 79 } },
        "locations": [
          { "start": { "line": 14, "column": 34 }, "end": { "line": 14, "column": 79 } }
        ]
      },
      "5": {
        "type": "branch",
        "line": 15,
        "loc": { "start": { "line": 15, "column": 33 }, "end": { "line": 15, "column": 77 } },
        "locations": [
          { "start": { "line": 15, "column": 33 }, "end": { "line": 15, "column": 77 } }
        ]
      },
      "6": {
        "type": "branch",
        "line": 16,
        "loc": { "start": { "line": 16, "column": 35 }, "end": { "line": 18, "column": 3 } },
        "locations": [{ "start": { "line": 16, "column": 35 }, "end": { "line": 18, "column": 3 } }]
      },
      "7": {
        "type": "branch",
        "line": 21,
        "loc": { "start": { "line": 21, "column": 12 }, "end": { "line": 29, "column": 5 } },
        "locations": [{ "start": { "line": 21, "column": 12 }, "end": { "line": 29, "column": 5 } }]
      },
      "8": {
        "type": "branch",
        "line": 23,
        "loc": { "start": { "line": 23, "column": 9 }, "end": { "line": 23, "column": 26 } },
        "locations": [{ "start": { "line": 23, "column": 9 }, "end": { "line": 23, "column": 26 } }]
      },
      "9": {
        "type": "branch",
        "line": 23,
        "loc": { "start": { "line": 23, "column": 18 }, "end": { "line": 23, "column": 38 } },
        "locations": [
          { "start": { "line": 23, "column": 18 }, "end": { "line": 23, "column": 38 } }
        ]
      },
      "10": {
        "type": "branch",
        "line": 23,
        "loc": { "start": { "line": 23, "column": 38 }, "end": { "line": 26, "column": 11 } },
        "locations": [
          { "start": { "line": 23, "column": 38 }, "end": { "line": 26, "column": 11 } }
        ]
      }
    },
    "b": {
      "0": [7],
      "1": [4],
      "2": [2],
      "3": [0],
      "4": [16],
      "5": [16],
      "6": [2],
      "7": [3],
      "8": [2],
      "9": [0],
      "10": [0]
    },
    "fnMap": {
      "0": {
        "name": "CardsOnMain",
        "decl": { "start": { "line": 12, "column": 0 }, "end": { "line": 54, "column": 1 } },
        "loc": { "start": { "line": 12, "column": 0 }, "end": { "line": 54, "column": 1 } },
        "line": 12
      },
      "1": {
        "name": "searchItems",
        "decl": { "start": { "line": 31, "column": 22 }, "end": { "line": 33, "column": 4 } },
        "loc": { "start": { "line": 31, "column": 22 }, "end": { "line": 33, "column": 4 } },
        "line": 31
      }
    },
    "f": { "0": 7, "1": 0 }
  },
  "D:\\React2023Q1\\React-modules\\src\\components\\CheckboxInput\\CheckboxInput.tsx": {
    "path": "D:\\React2023Q1\\React-modules\\src\\components\\CheckboxInput\\CheckboxInput.tsx",
    "all": false,
    "statementMap": {
      "0": { "start": { "line": 1, "column": 0 }, "end": { "line": 1, "column": 33 } },
      "1": { "start": { "line": 2, "column": 0 }, "end": { "line": 2, "column": 42 } },
      "2": { "start": { "line": 3, "column": 0 }, "end": { "line": 3, "column": 0 } },
      "3": { "start": { "line": 4, "column": 0 }, "end": { "line": 4, "column": 14 } },
      "4": { "start": { "line": 5, "column": 0 }, "end": { "line": 5, "column": 20 } },
      "5": { "start": { "line": 6, "column": 0 }, "end": { "line": 6, "column": 20 } },
      "6": { "start": { "line": 7, "column": 0 }, "end": { "line": 7, "column": 31 } },
      "7": { "start": { "line": 8, "column": 0 }, "end": { "line": 8, "column": 2 } },
      "8": { "start": { "line": 9, "column": 0 }, "end": { "line": 9, "column": 0 } },
      "9": { "start": { "line": 10, "column": 0 }, "end": { "line": 10, "column": 68 } },
      "10": { "start": { "line": 11, "column": 0 }, "end": { "line": 11, "column": 33 } },
      "11": { "start": { "line": 12, "column": 0 }, "end": { "line": 12, "column": 0 } },
      "12": { "start": { "line": 13, "column": 0 }, "end": { "line": 13, "column": 10 } },
      "13": { "start": { "line": 14, "column": 0 }, "end": { "line": 14, "column": 33 } },
      "14": { "start": { "line": 15, "column": 0 }, "end": { "line": 15, "column": 31 } },
      "15": { "start": { "line": 16, "column": 0 }, "end": { "line": 16, "column": 12 } },
      "16": { "start": { "line": 17, "column": 0 }, "end": { "line": 17, "column": 33 } },
      "17": { "start": { "line": 18, "column": 0 }, "end": { "line": 18, "column": 55 } },
      "18": { "start": { "line": 19, "column": 0 }, "end": { "line": 19, "column": 11 } },
      "19": { "start": { "line": 20, "column": 0 }, "end": { "line": 20, "column": 23 } },
      "20": { "start": { "line": 21, "column": 0 }, "end": { "line": 21, "column": 26 } },
      "21": { "start": { "line": 22, "column": 0 }, "end": { "line": 22, "column": 36 } },
      "22": { "start": { "line": 23, "column": 0 }, "end": { "line": 23, "column": 23 } },
      "23": { "start": { "line": 24, "column": 0 }, "end": { "line": 24, "column": 8 } },
      "24": { "start": { "line": 25, "column": 0 }, "end": { "line": 25, "column": 12 } },
      "25": { "start": { "line": 26, "column": 0 }, "end": { "line": 26, "column": 4 } },
      "26": { "start": { "line": 27, "column": 0 }, "end": { "line": 27, "column": 1 } },
      "27": { "start": { "line": 28, "column": 0 }, "end": { "line": 28, "column": 0 } },
      "28": { "start": { "line": 29, "column": 0 }, "end": { "line": 29, "column": 29 } }
    },
    "s": {
      "0": 1,
      "1": 1,
      "2": 1,
      "3": 1,
      "4": 1,
      "5": 1,
      "6": 1,
      "7": 1,
      "8": 1,
      "9": 4,
      "10": 4,
      "11": 4,
      "12": 4,
      "13": 4,
      "14": 4,
      "15": 4,
      "16": 4,
      "17": 4,
      "18": 4,
      "19": 4,
      "20": 4,
      "21": 4,
      "22": 4,
      "23": 4,
      "24": 4,
      "25": 4,
      "26": 4,
      "27": 1,
      "28": 1
    },
    "branchMap": {
      "0": {
        "type": "branch",
        "line": 10,
        "loc": { "start": { "line": 10, "column": 0 }, "end": { "line": 27, "column": 1 } },
        "locations": [{ "start": { "line": 10, "column": 0 }, "end": { "line": 27, "column": 1 } }]
      }
    },
    "b": { "0": [4] },
    "fnMap": {
      "0": {
        "name": "CheckboxInput",
        "decl": { "start": { "line": 10, "column": 0 }, "end": { "line": 27, "column": 1 } },
        "loc": { "start": { "line": 10, "column": 0 }, "end": { "line": 27, "column": 1 } },
        "line": 10
      },
      "1": {
        "name": "onChange",
        "decl": { "start": { "line": 18, "column": 20 }, "end": { "line": 18, "column": 55 } },
        "loc": { "start": { "line": 18, "column": 20 }, "end": { "line": 18, "column": 55 } },
        "line": 18
      }
    },
    "f": { "0": 4, "1": 0 }
  },
  "D:\\React2023Q1\\React-modules\\src\\components\\DateInput\\DateInput.tsx": {
    "path": "D:\\React2023Q1\\React-modules\\src\\components\\DateInput\\DateInput.tsx",
    "all": false,
    "statementMap": {
      "0": { "start": { "line": 1, "column": 0 }, "end": { "line": 1, "column": 33 } },
      "1": { "start": { "line": 2, "column": 0 }, "end": { "line": 2, "column": 42 } },
      "2": { "start": { "line": 3, "column": 0 }, "end": { "line": 3, "column": 0 } },
      "3": { "start": { "line": 4, "column": 0 }, "end": { "line": 4, "column": 14 } },
      "4": { "start": { "line": 5, "column": 0 }, "end": { "line": 5, "column": 20 } },
      "5": { "start": { "line": 6, "column": 0 }, "end": { "line": 6, "column": 20 } },
      "6": { "start": { "line": 7, "column": 0 }, "end": { "line": 7, "column": 40 } },
      "7": { "start": { "line": 8, "column": 0 }, "end": { "line": 8, "column": 2 } },
      "8": { "start": { "line": 9, "column": 0 }, "end": { "line": 9, "column": 0 } },
      "9": { "start": { "line": 10, "column": 0 }, "end": { "line": 10, "column": 74 } },
      "10": { "start": { "line": 11, "column": 0 }, "end": { "line": 11, "column": 33 } },
      "11": { "start": { "line": 12, "column": 0 }, "end": { "line": 12, "column": 0 } },
      "12": { "start": { "line": 13, "column": 0 }, "end": { "line": 13, "column": 10 } },
      "13": { "start": { "line": 14, "column": 0 }, "end": { "line": 14, "column": 11 } },
      "14": { "start": { "line": 15, "column": 0 }, "end": { "line": 15, "column": 31 } },
      "15": { "start": { "line": 16, "column": 0 }, "end": { "line": 16, "column": 12 } },
      "16": { "start": { "line": 17, "column": 0 }, "end": { "line": 17, "column": 33 } },
      "17": { "start": { "line": 18, "column": 0 }, "end": { "line": 18, "column": 63 } },
      "18": { "start": { "line": 19, "column": 0 }, "end": { "line": 19, "column": 11 } },
      "19": { "start": { "line": 20, "column": 0 }, "end": { "line": 20, "column": 19 } },
      "20": { "start": { "line": 21, "column": 0 }, "end": { "line": 21, "column": 36 } },
      "21": { "start": { "line": 22, "column": 0 }, "end": { "line": 22, "column": 32 } },
      "22": { "start": { "line": 23, "column": 0 }, "end": { "line": 23, "column": 23 } },
      "23": { "start": { "line": 24, "column": 0 }, "end": { "line": 24, "column": 8 } },
      "24": { "start": { "line": 25, "column": 0 }, "end": { "line": 25, "column": 12 } },
      "25": { "start": { "line": 26, "column": 0 }, "end": { "line": 26, "column": 4 } },
      "26": { "start": { "line": 27, "column": 0 }, "end": { "line": 27, "column": 1 } },
      "27": { "start": { "line": 28, "column": 0 }, "end": { "line": 28, "column": 0 } },
      "28": { "start": { "line": 29, "column": 0 }, "end": { "line": 29, "column": 25 } }
    },
    "s": {
      "0": 1,
      "1": 1,
      "2": 1,
      "3": 1,
      "4": 1,
      "5": 1,
      "6": 1,
      "7": 1,
      "8": 1,
      "9": 4,
      "10": 4,
      "11": 4,
      "12": 4,
      "13": 4,
      "14": 4,
      "15": 4,
      "16": 4,
      "17": 4,
      "18": 4,
      "19": 4,
      "20": 4,
      "21": 4,
      "22": 4,
      "23": 4,
      "24": 4,
      "25": 4,
      "26": 4,
      "27": 1,
      "28": 1
    },
    "branchMap": {
      "0": {
        "type": "branch",
        "line": 10,
        "loc": { "start": { "line": 10, "column": 0 }, "end": { "line": 27, "column": 1 } },
        "locations": [{ "start": { "line": 10, "column": 0 }, "end": { "line": 27, "column": 1 } }]
      },
      "1": {
        "type": "branch",
        "line": 18,
        "loc": { "start": { "line": 18, "column": 20 }, "end": { "line": 18, "column": 63 } },
        "locations": [
          { "start": { "line": 18, "column": 20 }, "end": { "line": 18, "column": 63 } }
        ]
      }
    },
    "b": { "0": [4], "1": [1] },
    "fnMap": {
      "0": {
        "name": "DateInput",
        "decl": { "start": { "line": 10, "column": 0 }, "end": { "line": 27, "column": 1 } },
        "loc": { "start": { "line": 10, "column": 0 }, "end": { "line": 27, "column": 1 } },
        "line": 10
      },
      "1": {
        "name": "onChange",
        "decl": { "start": { "line": 18, "column": 20 }, "end": { "line": 18, "column": 63 } },
        "loc": { "start": { "line": 18, "column": 20 }, "end": { "line": 18, "column": 63 } },
        "line": 18
      }
    },
    "f": { "0": 4, "1": 1 }
  },
  "D:\\React2023Q1\\React-modules\\src\\components\\FileInput\\FileInput.tsx": {
    "path": "D:\\React2023Q1\\React-modules\\src\\components\\FileInput\\FileInput.tsx",
    "all": false,
    "statementMap": {
      "0": { "start": { "line": 1, "column": 0 }, "end": { "line": 1, "column": 34 } },
      "1": { "start": { "line": 2, "column": 0 }, "end": { "line": 2, "column": 0 } },
      "2": { "start": { "line": 3, "column": 0 }, "end": { "line": 3, "column": 14 } },
      "3": { "start": { "line": 4, "column": 0 }, "end": { "line": 4, "column": 20 } },
      "4": { "start": { "line": 5, "column": 0 }, "end": { "line": 5, "column": 17 } },
      "5": { "start": { "line": 6, "column": 0 }, "end": { "line": 6, "column": 41 } },
      "6": { "start": { "line": 7, "column": 0 }, "end": { "line": 7, "column": 2 } },
      "7": { "start": { "line": 8, "column": 0 }, "end": { "line": 8, "column": 0 } },
      "8": { "start": { "line": 9, "column": 0 }, "end": { "line": 9, "column": 61 } },
      "9": { "start": { "line": 10, "column": 0 }, "end": { "line": 10, "column": 10 } },
      "10": { "start": { "line": 11, "column": 0 }, "end": { "line": 11, "column": 11 } },
      "11": { "start": { "line": 12, "column": 0 }, "end": { "line": 12, "column": 31 } },
      "12": { "start": { "line": 13, "column": 0 }, "end": { "line": 13, "column": 12 } },
      "13": { "start": { "line": 14, "column": 0 }, "end": { "line": 14, "column": 19 } },
      "14": { "start": { "line": 15, "column": 0 }, "end": { "line": 15, "column": 23 } },
      "15": { "start": { "line": 16, "column": 0 }, "end": { "line": 16, "column": 23 } },
      "16": { "start": { "line": 17, "column": 0 }, "end": { "line": 17, "column": 36 } },
      "17": { "start": { "line": 18, "column": 0 }, "end": { "line": 18, "column": 32 } },
      "18": { "start": { "line": 19, "column": 0 }, "end": { "line": 19, "column": 16 } },
      "19": { "start": { "line": 20, "column": 0 }, "end": { "line": 20, "column": 8 } },
      "20": { "start": { "line": 21, "column": 0 }, "end": { "line": 21, "column": 12 } },
      "21": { "start": { "line": 22, "column": 0 }, "end": { "line": 22, "column": 4 } },
      "22": { "start": { "line": 23, "column": 0 }, "end": { "line": 23, "column": 1 } },
      "23": { "start": { "line": 24, "column": 0 }, "end": { "line": 24, "column": 0 } },
      "24": { "start": { "line": 25, "column": 0 }, "end": { "line": 25, "column": 25 } }
    },
    "s": {
      "0": 1,
      "1": 1,
      "2": 1,
      "3": 1,
      "4": 1,
      "5": 1,
      "6": 1,
      "7": 1,
      "8": 4,
      "9": 4,
      "10": 4,
      "11": 4,
      "12": 4,
      "13": 4,
      "14": 4,
      "15": 4,
      "16": 4,
      "17": 4,
      "18": 4,
      "19": 4,
      "20": 4,
      "21": 4,
      "22": 4,
      "23": 1,
      "24": 1
    },
    "branchMap": {
      "0": {
        "type": "branch",
        "line": 9,
        "loc": { "start": { "line": 9, "column": 0 }, "end": { "line": 23, "column": 1 } },
        "locations": [{ "start": { "line": 9, "column": 0 }, "end": { "line": 23, "column": 1 } }]
      }
    },
    "b": { "0": [4] },
    "fnMap": {
      "0": {
        "name": "FileInput",
        "decl": { "start": { "line": 9, "column": 0 }, "end": { "line": 23, "column": 1 } },
        "loc": { "start": { "line": 9, "column": 0 }, "end": { "line": 23, "column": 1 } },
        "line": 9
      }
    },
    "f": { "0": 4 }
  },
  "D:\\React2023Q1\\React-modules\\src\\components\\Header\\Header.tsx": {
    "path": "D:\\React2023Q1\\React-modules\\src\\components\\Header\\Header.tsx",
    "all": false,
    "statementMap": {
      "0": { "start": { "line": 1, "column": 0 }, "end": { "line": 1, "column": 56 } },
      "1": { "start": { "line": 2, "column": 0 }, "end": { "line": 2, "column": 0 } },
      "2": { "start": { "line": 3, "column": 0 }, "end": { "line": 3, "column": 22 } },
      "3": { "start": { "line": 4, "column": 0 }, "end": { "line": 4, "column": 0 } },
      "4": { "start": { "line": 5, "column": 0 }, "end": { "line": 5, "column": 19 } },
      "5": { "start": { "line": 6, "column": 0 }, "end": { "line": 6, "column": 33 } },
      "6": { "start": { "line": 7, "column": 0 }, "end": { "line": 7, "column": 0 } },
      "7": { "start": { "line": 8, "column": 0 }, "end": { "line": 8, "column": 32 } },
      "8": { "start": { "line": 9, "column": 0 }, "end": { "line": 9, "column": 32 } },
      "9": { "start": { "line": 10, "column": 0 }, "end": { "line": 10, "column": 16 } },
      "10": { "start": { "line": 11, "column": 0 }, "end": { "line": 11, "column": 22 } },
      "11": { "start": { "line": 12, "column": 0 }, "end": { "line": 12, "column": 7 } },
      "12": { "start": { "line": 13, "column": 0 }, "end": { "line": 13, "column": 17 } },
      "13": { "start": { "line": 14, "column": 0 }, "end": { "line": 14, "column": 22 } },
      "14": { "start": { "line": 15, "column": 0 }, "end": { "line": 15, "column": 7 } },
      "15": { "start": { "line": 16, "column": 0 }, "end": { "line": 16, "column": 22 } },
      "16": { "start": { "line": 17, "column": 0 }, "end": { "line": 17, "column": 26 } },
      "17": { "start": { "line": 18, "column": 0 }, "end": { "line": 18, "column": 7 } },
      "18": { "start": { "line": 19, "column": 0 }, "end": { "line": 19, "column": 21 } },
      "19": { "start": { "line": 20, "column": 0 }, "end": { "line": 20, "column": 22 } },
      "20": { "start": { "line": 21, "column": 0 }, "end": { "line": 21, "column": 7 } },
      "21": { "start": { "line": 22, "column": 0 }, "end": { "line": 22, "column": 16 } },
      "22": { "start": { "line": 23, "column": 0 }, "end": { "line": 23, "column": 21 } },
      "23": { "start": { "line": 24, "column": 0 }, "end": { "line": 24, "column": 7 } },
      "24": { "start": { "line": 25, "column": 0 }, "end": { "line": 25, "column": 5 } },
      "25": { "start": { "line": 26, "column": 0 }, "end": { "line": 26, "column": 4 } },
      "26": { "start": { "line": 27, "column": 0 }, "end": { "line": 27, "column": 0 } },
      "27": { "start": { "line": 28, "column": 0 }, "end": { "line": 28, "column": 60 } },
      "28": { "start": { "line": 29, "column": 0 }, "end": { "line": 29, "column": 44 } },
      "29": { "start": { "line": 30, "column": 0 }, "end": { "line": 30, "column": 0 } },
      "30": { "start": { "line": 31, "column": 0 }, "end": { "line": 31, "column": 10 } },
      "31": { "start": { "line": 32, "column": 0 }, "end": { "line": 32, "column": 31 } },
      "32": { "start": { "line": 33, "column": 0 }, "end": { "line": 33, "column": 33 } },
      "33": { "start": { "line": 34, "column": 0 }, "end": { "line": 34, "column": 29 } },
      "34": { "start": { "line": 35, "column": 0 }, "end": { "line": 35, "column": 33 } },
      "35": { "start": { "line": 36, "column": 0 }, "end": { "line": 36, "column": 40 } },
      "36": { "start": { "line": 37, "column": 0 }, "end": { "line": 37, "column": 50 } },
      "37": { "start": { "line": 38, "column": 0 }, "end": { "line": 38, "column": 18 } },
      "38": { "start": { "line": 39, "column": 0 }, "end": { "line": 39, "column": 22 } },
      "39": { "start": { "line": 40, "column": 0 }, "end": { "line": 40, "column": 15 } },
      "40": { "start": { "line": 41, "column": 0 }, "end": { "line": 41, "column": 40 } },
      "41": { "start": { "line": 42, "column": 0 }, "end": { "line": 42, "column": 55 } },
      "42": { "start": { "line": 43, "column": 0 }, "end": { "line": 43, "column": 22 } },
      "43": { "start": { "line": 44, "column": 0 }, "end": { "line": 44, "column": 22 } },
      "44": { "start": { "line": 45, "column": 0 }, "end": { "line": 45, "column": 15 } },
      "45": { "start": { "line": 46, "column": 0 }, "end": { "line": 46, "column": 40 } },
      "46": { "start": { "line": 47, "column": 0 }, "end": { "line": 47, "column": 54 } },
      "47": { "start": { "line": 48, "column": 0 }, "end": { "line": 48, "column": 18 } },
      "48": { "start": { "line": 49, "column": 0 }, "end": { "line": 49, "column": 22 } },
      "49": { "start": { "line": 50, "column": 0 }, "end": { "line": 50, "column": 15 } },
      "50": { "start": { "line": 51, "column": 0 }, "end": { "line": 51, "column": 13 } },
      "51": { "start": { "line": 52, "column": 0 }, "end": { "line": 52, "column": 12 } },
      "52": { "start": { "line": 53, "column": 0 }, "end": { "line": 53, "column": 13 } },
      "53": { "start": { "line": 54, "column": 0 }, "end": { "line": 54, "column": 4 } },
      "54": { "start": { "line": 55, "column": 0 }, "end": { "line": 55, "column": 1 } },
      "55": { "start": { "line": 56, "column": 0 }, "end": { "line": 56, "column": 0 } },
      "56": { "start": { "line": 57, "column": 0 }, "end": { "line": 57, "column": 22 } }
    },
    "s": {
      "0": 1,
      "1": 1,
      "2": 1,
      "3": 1,
      "4": 1,
      "5": 1,
      "6": 1,
      "7": 1,
      "8": 1,
      "9": 1,
      "10": 0,
      "11": 0,
      "12": 1,
      "13": 1,
      "14": 1,
      "15": 1,
      "16": 0,
      "17": 0,
      "18": 1,
      "19": 0,
      "20": 0,
      "21": 1,
      "22": 0,
      "23": 0,
      "24": 1,
      "25": 1,
      "26": 1,
      "27": 1,
      "28": 3,
      "29": 1,
      "30": 1,
      "31": 1,
      "32": 1,
      "33": 1,
      "34": 1,
      "35": 1,
      "36": 1,
      "37": 1,
      "38": 1,
      "39": 1,
      "40": 1,
      "41": 1,
      "42": 1,
      "43": 1,
      "44": 1,
      "45": 1,
      "46": 1,
      "47": 1,
      "48": 1,
      "49": 1,
      "50": 1,
      "51": 1,
      "52": 1,
      "53": 1,
      "54": 1,
      "55": 1,
      "56": 1
    },
    "branchMap": {
      "0": {
        "type": "branch",
        "line": 5,
        "loc": { "start": { "line": 5, "column": 0 }, "end": { "line": 55, "column": 1 } },
        "locations": [{ "start": { "line": 5, "column": 0 }, "end": { "line": 55, "column": 1 } }]
      },
      "1": {
        "type": "branch",
        "line": 8,
        "loc": { "start": { "line": 8, "column": 25 }, "end": { "line": 26, "column": 4 } },
        "locations": [{ "start": { "line": 8, "column": 25 }, "end": { "line": 26, "column": 4 } }]
      },
      "2": {
        "type": "branch",
        "line": 10,
        "loc": { "start": { "line": 10, "column": 6 }, "end": { "line": 12, "column": 7 } },
        "locations": [{ "start": { "line": 10, "column": 6 }, "end": { "line": 12, "column": 7 } }]
      },
      "3": {
        "type": "branch",
        "line": 16,
        "loc": { "start": { "line": 16, "column": 6 }, "end": { "line": 18, "column": 7 } },
        "locations": [{ "start": { "line": 16, "column": 6 }, "end": { "line": 18, "column": 7 } }]
      },
      "4": {
        "type": "branch",
        "line": 19,
        "loc": { "start": { "line": 19, "column": 6 }, "end": { "line": 21, "column": 7 } },
        "locations": [{ "start": { "line": 19, "column": 6 }, "end": { "line": 21, "column": 7 } }]
      },
      "5": {
        "type": "branch",
        "line": 22,
        "loc": { "start": { "line": 22, "column": 6 }, "end": { "line": 24, "column": 7 } },
        "locations": [{ "start": { "line": 22, "column": 6 }, "end": { "line": 24, "column": 7 } }]
      },
      "6": {
        "type": "branch",
        "line": 28,
        "loc": { "start": { "line": 28, "column": 20 }, "end": { "line": 29, "column": 44 } },
        "locations": [
          { "start": { "line": 28, "column": 20 }, "end": { "line": 29, "column": 44 } }
        ]
      },
      "7": {
        "type": "branch",
        "line": 29,
        "loc": { "start": { "line": 29, "column": 4 }, "end": { "line": 29, "column": 41 } },
        "locations": [{ "start": { "line": 29, "column": 4 }, "end": { "line": 29, "column": 41 } }]
      },
      "8": {
        "type": "branch",
        "line": 29,
        "loc": { "start": { "line": 29, "column": 15 }, "end": { "line": 29, "column": 44 } },
        "locations": [
          { "start": { "line": 29, "column": 15 }, "end": { "line": 29, "column": 44 } }
        ]
      }
    },
    "b": {
      "0": [1],
      "1": [1],
      "2": [0],
      "3": [0],
      "4": [0],
      "5": [0],
      "6": [3],
      "7": [1],
      "8": [2]
    },
    "fnMap": {
      "0": {
        "name": "Header",
        "decl": { "start": { "line": 5, "column": 0 }, "end": { "line": 55, "column": 1 } },
        "loc": { "start": { "line": 5, "column": 0 }, "end": { "line": 55, "column": 1 } },
        "line": 5
      },
      "1": {
        "name": "getCurrentPage",
        "decl": { "start": { "line": 8, "column": 25 }, "end": { "line": 26, "column": 4 } },
        "loc": { "start": { "line": 8, "column": 25 }, "end": { "line": 26, "column": 4 } },
        "line": 8
      },
      "2": {
        "name": "setActive",
        "decl": { "start": { "line": 28, "column": 20 }, "end": { "line": 29, "column": 44 } },
        "loc": { "start": { "line": 28, "column": 20 }, "end": { "line": 29, "column": 44 } },
        "line": 28
      }
    },
    "f": { "0": 1, "1": 1, "2": 3 }
  },
  "D:\\React2023Q1\\React-modules\\src\\components\\Modal\\Modal.tsx": {
    "path": "D:\\React2023Q1\\React-modules\\src\\components\\Modal\\Modal.tsx",
    "all": false,
    "statementMap": {
      "0": { "start": { "line": 1, "column": 0 }, "end": { "line": 1, "column": 34 } },
      "1": { "start": { "line": 2, "column": 0 }, "end": { "line": 2, "column": 0 } },
      "2": { "start": { "line": 3, "column": 0 }, "end": { "line": 3, "column": 21 } },
      "3": { "start": { "line": 4, "column": 0 }, "end": { "line": 4, "column": 0 } },
      "4": { "start": { "line": 5, "column": 0 }, "end": { "line": 5, "column": 21 } },
      "5": { "start": { "line": 6, "column": 0 }, "end": { "line": 6, "column": 23 } },
      "6": { "start": { "line": 7, "column": 0 }, "end": { "line": 7, "column": 18 } },
      "7": { "start": { "line": 8, "column": 0 }, "end": { "line": 8, "column": 21 } },
      "8": { "start": { "line": 9, "column": 0 }, "end": { "line": 9, "column": 1 } },
      "9": { "start": { "line": 10, "column": 0 }, "end": { "line": 10, "column": 0 } },
      "10": { "start": { "line": 11, "column": 0 }, "end": { "line": 11, "column": 34 } },
      "11": { "start": { "line": 12, "column": 0 }, "end": { "line": 12, "column": 10 } },
      "12": { "start": { "line": 13, "column": 0 }, "end": { "line": 13, "column": 6 } },
      "13": { "start": { "line": 14, "column": 0 }, "end": { "line": 14, "column": 24 } },
      "14": { "start": { "line": 15, "column": 0 }, "end": { "line": 15, "column": 62 } },
      "15": { "start": { "line": 16, "column": 0 }, "end": { "line": 16, "column": 98 } },
      "16": { "start": { "line": 17, "column": 0 }, "end": { "line": 17, "column": 61 } },
      "17": { "start": { "line": 18, "column": 0 }, "end": { "line": 18, "column": 15 } },
      "18": { "start": { "line": 19, "column": 0 }, "end": { "line": 19, "column": 21 } },
      "19": { "start": { "line": 20, "column": 0 }, "end": { "line": 20, "column": 28 } },
      "20": { "start": { "line": 21, "column": 0 }, "end": { "line": 21, "column": 16 } },
      "21": { "start": { "line": 22, "column": 0 }, "end": { "line": 22, "column": 14 } },
      "22": { "start": { "line": 23, "column": 0 }, "end": { "line": 23, "column": 8 } },
      "23": { "start": { "line": 24, "column": 0 }, "end": { "line": 24, "column": 7 } },
      "24": { "start": { "line": 25, "column": 0 }, "end": { "line": 25, "column": 4 } },
      "25": { "start": { "line": 26, "column": 0 }, "end": { "line": 26, "column": 1 } },
      "26": { "start": { "line": 27, "column": 0 }, "end": { "line": 27, "column": 0 } },
      "27": { "start": { "line": 28, "column": 0 }, "end": { "line": 28, "column": 21 } }
    },
    "s": {
      "0": 1,
      "1": 1,
      "2": 1,
      "3": 1,
      "4": 1,
      "5": 1,
      "6": 1,
      "7": 1,
      "8": 1,
      "9": 1,
      "10": 4,
      "11": 4,
      "12": 4,
      "13": 4,
      "14": 1,
      "15": 1,
      "16": 1,
      "17": 1,
      "18": 1,
      "19": 1,
      "20": 1,
      "21": 1,
      "22": 4,
      "23": 4,
      "24": 4,
      "25": 4,
      "26": 1,
      "27": 1
    },
    "branchMap": {
      "0": {
        "type": "branch",
        "line": 11,
        "loc": { "start": { "line": 11, "column": 0 }, "end": { "line": 26, "column": 1 } },
        "locations": [{ "start": { "line": 11, "column": 0 }, "end": { "line": 26, "column": 1 } }]
      },
      "1": {
        "type": "branch",
        "line": 14,
        "loc": { "start": { "line": 14, "column": 13 }, "end": { "line": 22, "column": 14 } },
        "locations": [
          { "start": { "line": 14, "column": 13 }, "end": { "line": 22, "column": 14 } }
        ]
      }
    },
    "b": { "0": [4], "1": [1] },
    "fnMap": {
      "0": {
        "name": "Modal",
        "decl": { "start": { "line": 11, "column": 0 }, "end": { "line": 26, "column": 1 } },
        "loc": { "start": { "line": 11, "column": 0 }, "end": { "line": 26, "column": 1 } },
        "line": 11
      },
      "1": {
        "name": "onClick",
        "decl": { "start": { "line": 16, "column": 24 }, "end": { "line": 16, "column": 52 } },
        "loc": { "start": { "line": 16, "column": 24 }, "end": { "line": 16, "column": 52 } },
        "line": 16
      }
    },
    "f": { "0": 4, "1": 0 }
  },
  "D:\\React2023Q1\\React-modules\\src\\components\\Pagination\\Pagination.tsx": {
    "path": "D:\\React2023Q1\\React-modules\\src\\components\\Pagination\\Pagination.tsx",
    "all": false,
    "statementMap": {
      "0": { "start": { "line": 1, "column": 0 }, "end": { "line": 1, "column": 33 } },
      "1": { "start": { "line": 2, "column": 0 }, "end": { "line": 2, "column": 0 } },
      "2": { "start": { "line": 3, "column": 0 }, "end": { "line": 3, "column": 26 } },
      "3": { "start": { "line": 4, "column": 0 }, "end": { "line": 4, "column": 0 } },
      "4": { "start": { "line": 5, "column": 0 }, "end": { "line": 5, "column": 14 } },
      "5": { "start": { "line": 6, "column": 0 }, "end": { "line": 6, "column": 15 } },
      "6": { "start": { "line": 7, "column": 0 }, "end": { "line": 7, "column": 52 } },
      "7": { "start": { "line": 8, "column": 0 }, "end": { "line": 8, "column": 22 } },
      "8": { "start": { "line": 9, "column": 0 }, "end": { "line": 9, "column": 2 } },
      "9": { "start": { "line": 10, "column": 0 }, "end": { "line": 10, "column": 0 } },
      "10": { "start": { "line": 11, "column": 0 }, "end": { "line": 11, "column": 64 } },
      "11": { "start": { "line": 12, "column": 0 }, "end": { "line": 12, "column": 10 } },
      "12": { "start": { "line": 13, "column": 0 }, "end": { "line": 13, "column": 35 } },
      "13": { "start": { "line": 14, "column": 0 }, "end": { "line": 14, "column": 13 } },
      "14": { "start": { "line": 15, "column": 0 }, "end": { "line": 15, "column": 26 } },
      "15": { "start": { "line": 16, "column": 0 }, "end": { "line": 16, "column": 28 } },
      "16": { "start": { "line": 17, "column": 0 }, "end": { "line": 17, "column": 24 } },
      "17": { "start": { "line": 18, "column": 0 }, "end": { "line": 18, "column": 50 } },
      "18": { "start": { "line": 19, "column": 0 }, "end": { "line": 19, "column": 10 } },
      "19": { "start": { "line": 20, "column": 0 }, "end": { "line": 20, "column": 7 } },
      "20": { "start": { "line": 21, "column": 0 }, "end": { "line": 21, "column": 12 } },
      "21": { "start": { "line": 22, "column": 0 }, "end": { "line": 22, "column": 15 } },
      "22": { "start": { "line": 23, "column": 0 }, "end": { "line": 23, "column": 25 } },
      "23": { "start": { "line": 24, "column": 0 }, "end": { "line": 24, "column": 13 } },
      "24": { "start": { "line": 25, "column": 0 }, "end": { "line": 25, "column": 26 } },
      "25": { "start": { "line": 26, "column": 0 }, "end": { "line": 26, "column": 46 } },
      "26": { "start": { "line": 27, "column": 0 }, "end": { "line": 27, "column": 24 } },
      "27": { "start": { "line": 28, "column": 0 }, "end": { "line": 28, "column": 50 } },
      "28": { "start": { "line": 29, "column": 0 }, "end": { "line": 29, "column": 10 } },
      "29": { "start": { "line": 30, "column": 0 }, "end": { "line": 30, "column": 7 } },
      "30": { "start": { "line": 31, "column": 0 }, "end": { "line": 31, "column": 12 } },
      "31": { "start": { "line": 32, "column": 0 }, "end": { "line": 32, "column": 15 } },
      "32": { "start": { "line": 33, "column": 0 }, "end": { "line": 33, "column": 10 } },
      "33": { "start": { "line": 34, "column": 0 }, "end": { "line": 34, "column": 4 } },
      "34": { "start": { "line": 35, "column": 0 }, "end": { "line": 35, "column": 1 } },
      "35": { "start": { "line": 36, "column": 0 }, "end": { "line": 36, "column": 0 } },
      "36": { "start": { "line": 37, "column": 0 }, "end": { "line": 37, "column": 26 } }
    },
    "s": {
      "0": 1,
      "1": 1,
      "2": 1,
      "3": 1,
      "4": 1,
      "5": 1,
      "6": 1,
      "7": 1,
      "8": 1,
      "9": 1,
      "10": 1,
      "11": 1,
      "12": 1,
      "13": 1,
      "14": 1,
      "15": 1,
      "16": 1,
      "17": 0,
      "18": 0,
      "19": 1,
      "20": 1,
      "21": 1,
      "22": 1,
      "23": 1,
      "24": 1,
      "25": 1,
      "26": 1,
      "27": 0,
      "28": 0,
      "29": 1,
      "30": 1,
      "31": 1,
      "32": 1,
      "33": 1,
      "34": 1,
      "35": 1,
      "36": 1
    },
    "branchMap": {
      "0": {
        "type": "branch",
        "line": 11,
        "loc": { "start": { "line": 11, "column": 0 }, "end": { "line": 35, "column": 1 } },
        "locations": [{ "start": { "line": 11, "column": 0 }, "end": { "line": 35, "column": 1 } }]
      }
    },
    "b": { "0": [1] },
    "fnMap": {
      "0": {
        "name": "Pagination",
        "decl": { "start": { "line": 11, "column": 0 }, "end": { "line": 35, "column": 1 } },
        "loc": { "start": { "line": 11, "column": 0 }, "end": { "line": 35, "column": 1 } },
        "line": 11
      },
      "1": {
        "name": "onClick",
        "decl": { "start": { "line": 17, "column": 17 }, "end": { "line": 19, "column": 10 } },
        "loc": { "start": { "line": 17, "column": 17 }, "end": { "line": 19, "column": 10 } },
        "line": 17
      },
      "2": {
        "name": "onClick",
        "decl": { "start": { "line": 27, "column": 17 }, "end": { "line": 29, "column": 10 } },
        "loc": { "start": { "line": 27, "column": 17 }, "end": { "line": 29, "column": 10 } },
        "line": 27
      }
    },
    "f": { "0": 1, "1": 0, "2": 0 }
  },
  "D:\\React2023Q1\\React-modules\\src\\components\\RadioInput\\RadioInput.tsx": {
    "path": "D:\\React2023Q1\\React-modules\\src\\components\\RadioInput\\RadioInput.tsx",
    "all": false,
    "statementMap": {
      "0": { "start": { "line": 1, "column": 0 }, "end": { "line": 1, "column": 34 } },
      "1": { "start": { "line": 2, "column": 0 }, "end": { "line": 2, "column": 0 } },
      "2": { "start": { "line": 3, "column": 0 }, "end": { "line": 3, "column": 14 } },
      "3": { "start": { "line": 4, "column": 0 }, "end": { "line": 4, "column": 16 } },
      "4": { "start": { "line": 5, "column": 0 }, "end": { "line": 5, "column": 41 } },
      "5": { "start": { "line": 6, "column": 0 }, "end": { "line": 6, "column": 2 } },
      "6": { "start": { "line": 7, "column": 0 }, "end": { "line": 7, "column": 0 } },
      "7": { "start": { "line": 8, "column": 0 }, "end": { "line": 8, "column": 50 } },
      "8": { "start": { "line": 9, "column": 0 }, "end": { "line": 9, "column": 10 } },
      "9": { "start": { "line": 10, "column": 0 }, "end": { "line": 10, "column": 11 } },
      "10": { "start": { "line": 11, "column": 0 }, "end": { "line": 11, "column": 27 } },
      "11": { "start": { "line": 12, "column": 0 }, "end": { "line": 12, "column": 83 } },
      "12": { "start": { "line": 13, "column": 0 }, "end": { "line": 13, "column": 12 } },
      "13": { "start": { "line": 14, "column": 0 }, "end": { "line": 14, "column": 4 } },
      "14": { "start": { "line": 15, "column": 0 }, "end": { "line": 15, "column": 1 } },
      "15": { "start": { "line": 16, "column": 0 }, "end": { "line": 16, "column": 0 } },
      "16": { "start": { "line": 17, "column": 0 }, "end": { "line": 17, "column": 26 } }
    },
    "s": {
      "0": 1,
      "1": 1,
      "2": 1,
      "3": 1,
      "4": 1,
      "5": 1,
      "6": 1,
      "7": 8,
      "8": 8,
      "9": 8,
      "10": 8,
      "11": 8,
      "12": 8,
      "13": 8,
      "14": 8,
      "15": 1,
      "16": 1
    },
    "branchMap": {
      "0": {
        "type": "branch",
        "line": 8,
        "loc": { "start": { "line": 8, "column": 0 }, "end": { "line": 15, "column": 1 } },
        "locations": [{ "start": { "line": 8, "column": 0 }, "end": { "line": 15, "column": 1 } }]
      }
    },
    "b": { "0": [8] },
    "fnMap": {
      "0": {
        "name": "RadioInput",
        "decl": { "start": { "line": 8, "column": 0 }, "end": { "line": 15, "column": 1 } },
        "loc": { "start": { "line": 8, "column": 0 }, "end": { "line": 15, "column": 1 } },
        "line": 8
      }
    },
    "f": { "0": 8 }
  },
  "D:\\React2023Q1\\React-modules\\src\\components\\SearchBar\\SearchBar.tsx": {
    "path": "D:\\React2023Q1\\React-modules\\src\\components\\SearchBar\\SearchBar.tsx",
    "all": false,
    "statementMap": {
      "0": { "start": { "line": 1, "column": 0 }, "end": { "line": 1, "column": 42 } },
      "1": { "start": { "line": 2, "column": 0 }, "end": { "line": 2, "column": 42 } },
      "2": { "start": { "line": 3, "column": 0 }, "end": { "line": 3, "column": 55 } },
      "3": { "start": { "line": 4, "column": 0 }, "end": { "line": 4, "column": 49 } },
      "4": { "start": { "line": 5, "column": 0 }, "end": { "line": 5, "column": 56 } },
      "5": { "start": { "line": 6, "column": 0 }, "end": { "line": 6, "column": 79 } },
      "6": { "start": { "line": 7, "column": 0 }, "end": { "line": 7, "column": 0 } },
      "7": { "start": { "line": 8, "column": 0 }, "end": { "line": 8, "column": 25 } },
      "8": { "start": { "line": 9, "column": 0 }, "end": { "line": 9, "column": 0 } },
      "9": { "start": { "line": 10, "column": 0 }, "end": { "line": 10, "column": 22 } },
      "10": { "start": { "line": 11, "column": 0 }, "end": { "line": 11, "column": 33 } },
      "11": { "start": { "line": 12, "column": 0 }, "end": { "line": 12, "column": 65 } },
      "12": { "start": { "line": 13, "column": 0 }, "end": { "line": 13, "column": 81 } },
      "13": { "start": { "line": 14, "column": 0 }, "end": { "line": 14, "column": 33 } },
      "14": { "start": { "line": 15, "column": 0 }, "end": { "line": 15, "column": 0 } },
      "15": { "start": { "line": 16, "column": 0 }, "end": { "line": 16, "column": 19 } },
      "16": { "start": { "line": 17, "column": 0 }, "end": { "line": 17, "column": 51 } },
      "17": { "start": { "line": 18, "column": 0 }, "end": { "line": 18, "column": 9 } },
      "18": { "start": { "line": 19, "column": 0 }, "end": { "line": 19, "column": 0 } },
      "19": { "start": { "line": 20, "column": 0 }, "end": { "line": 20, "column": 10 } },
      "20": { "start": { "line": 21, "column": 0 }, "end": { "line": 21, "column": 45 } },
      "21": { "start": { "line": 22, "column": 0 }, "end": { "line": 22, "column": 12 } },
      "22": { "start": { "line": 23, "column": 0 }, "end": { "line": 23, "column": 27 } },
      "23": { "start": { "line": 24, "column": 0 }, "end": { "line": 24, "column": 28 } },
      "24": { "start": { "line": 25, "column": 0 }, "end": { "line": 25, "column": 21 } },
      "25": { "start": { "line": 26, "column": 0 }, "end": { "line": 26, "column": 42 } },
      "26": { "start": { "line": 27, "column": 0 }, "end": { "line": 27, "column": 88 } },
      "27": { "start": { "line": 28, "column": 0 }, "end": { "line": 28, "column": 34 } },
      "28": { "start": { "line": 29, "column": 0 }, "end": { "line": 29, "column": 11 } },
      "29": { "start": { "line": 30, "column": 0 }, "end": { "line": 30, "column": 30 } },
      "30": { "start": { "line": 31, "column": 0 }, "end": { "line": 31, "column": 49 } },
      "31": { "start": { "line": 32, "column": 0 }, "end": { "line": 32, "column": 8 } },
      "32": { "start": { "line": 33, "column": 0 }, "end": { "line": 33, "column": 22 } },
      "33": { "start": { "line": 34, "column": 0 }, "end": { "line": 34, "column": 10 } },
      "34": { "start": { "line": 35, "column": 0 }, "end": { "line": 35, "column": 4 } },
      "35": { "start": { "line": 36, "column": 0 }, "end": { "line": 36, "column": 1 } },
      "36": { "start": { "line": 37, "column": 0 }, "end": { "line": 37, "column": 0 } },
      "37": { "start": { "line": 38, "column": 0 }, "end": { "line": 38, "column": 25 } }
    },
    "s": {
      "0": 1,
      "1": 1,
      "2": 1,
      "3": 1,
      "4": 1,
      "5": 1,
      "6": 1,
      "7": 1,
      "8": 1,
      "9": 1,
      "10": 1,
      "11": 1,
      "12": 1,
      "13": 1,
      "14": 1,
      "15": 1,
      "16": 1,
      "17": 1,
      "18": 1,
      "19": 1,
      "20": 1,
      "21": 1,
      "22": 1,
      "23": 1,
      "24": 1,
      "25": 1,
      "26": 1,
      "27": 1,
      "28": 1,
      "29": 1,
      "30": 1,
      "31": 1,
      "32": 1,
      "33": 1,
      "34": 1,
      "35": 1,
      "36": 1,
      "37": 1
    },
    "branchMap": {
      "0": {
        "type": "branch",
        "line": 10,
        "loc": { "start": { "line": 10, "column": 0 }, "end": { "line": 36, "column": 1 } },
        "locations": [{ "start": { "line": 10, "column": 0 }, "end": { "line": 36, "column": 1 } }]
      },
      "1": {
        "type": "branch",
        "line": 13,
        "loc": { "start": { "line": 13, "column": 34 }, "end": { "line": 13, "column": 79 } },
        "locations": [
          { "start": { "line": 13, "column": 34 }, "end": { "line": 13, "column": 79 } }
        ]
      },
      "2": {
        "type": "branch",
        "line": 16,
        "loc": { "start": { "line": 16, "column": 12 }, "end": { "line": 18, "column": 5 } },
        "locations": [{ "start": { "line": 16, "column": 12 }, "end": { "line": 18, "column": 5 } }]
      }
    },
    "b": { "0": [1], "1": [1], "2": [1] },
    "fnMap": {
      "0": {
        "name": "SearchBar",
        "decl": { "start": { "line": 10, "column": 0 }, "end": { "line": 36, "column": 1 } },
        "loc": { "start": { "line": 10, "column": 0 }, "end": { "line": 36, "column": 1 } },
        "line": 10
      },
      "1": {
        "name": "onChange",
        "decl": { "start": { "line": 27, "column": 20 }, "end": { "line": 27, "column": 88 } },
        "loc": { "start": { "line": 27, "column": 20 }, "end": { "line": 27, "column": 88 } },
        "line": 27
      }
    },
    "f": { "0": 1, "1": 0 }
  },
  "D:\\React2023Q1\\React-modules\\src\\components\\Select\\Select.tsx": {
    "path": "D:\\React2023Q1\\React-modules\\src\\components\\Select\\Select.tsx",
    "all": false,
    "statementMap": {
      "0": { "start": { "line": 1, "column": 0 }, "end": { "line": 1, "column": 33 } },
      "1": { "start": { "line": 2, "column": 0 }, "end": { "line": 2, "column": 42 } },
      "2": { "start": { "line": 3, "column": 0 }, "end": { "line": 3, "column": 0 } },
      "3": { "start": { "line": 4, "column": 0 }, "end": { "line": 4, "column": 14 } },
      "4": { "start": { "line": 5, "column": 0 }, "end": { "line": 5, "column": 20 } },
      "5": { "start": { "line": 6, "column": 0 }, "end": { "line": 6, "column": 22 } },
      "6": { "start": { "line": 7, "column": 0 }, "end": { "line": 7, "column": 43 } },
      "7": { "start": { "line": 8, "column": 0 }, "end": { "line": 8, "column": 20 } },
      "8": { "start": { "line": 9, "column": 0 }, "end": { "line": 9, "column": 2 } },
      "9": { "start": { "line": 10, "column": 0 }, "end": { "line": 10, "column": 0 } },
      "10": { "start": { "line": 11, "column": 0 }, "end": { "line": 11, "column": 85 } },
      "11": { "start": { "line": 12, "column": 0 }, "end": { "line": 12, "column": 33 } },
      "12": { "start": { "line": 13, "column": 0 }, "end": { "line": 13, "column": 0 } },
      "13": { "start": { "line": 14, "column": 0 }, "end": { "line": 14, "column": 10 } },
      "14": { "start": { "line": 15, "column": 0 }, "end": { "line": 15, "column": 11 } },
      "15": { "start": { "line": 16, "column": 0 }, "end": { "line": 16, "column": 31 } },
      "16": { "start": { "line": 17, "column": 0 }, "end": { "line": 17, "column": 13 } },
      "17": { "start": { "line": 18, "column": 0 }, "end": { "line": 18, "column": 35 } },
      "18": { "start": { "line": 19, "column": 0 }, "end": { "line": 19, "column": 66 } },
      "19": { "start": { "line": 20, "column": 0 }, "end": { "line": 20, "column": 11 } },
      "20": { "start": { "line": 21, "column": 0 }, "end": { "line": 21, "column": 38 } },
      "21": { "start": { "line": 22, "column": 0 }, "end": { "line": 22, "column": 28 } },
      "22": { "start": { "line": 23, "column": 0 }, "end": { "line": 23, "column": 23 } },
      "23": { "start": { "line": 24, "column": 0 }, "end": { "line": 24, "column": 7 } },
      "24": { "start": { "line": 25, "column": 0 }, "end": { "line": 25, "column": 19 } },
      "25": { "start": { "line": 26, "column": 0 }, "end": { "line": 26, "column": 35 } },
      "26": { "start": { "line": 27, "column": 0 }, "end": { "line": 27, "column": 48 } },
      "27": { "start": { "line": 28, "column": 0 }, "end": { "line": 28, "column": 22 } },
      "28": { "start": { "line": 29, "column": 0 }, "end": { "line": 29, "column": 21 } },
      "29": { "start": { "line": 30, "column": 0 }, "end": { "line": 30, "column": 13 } },
      "30": { "start": { "line": 31, "column": 0 }, "end": { "line": 31, "column": 15 } },
      "31": { "start": { "line": 32, "column": 0 }, "end": { "line": 32, "column": 12 } },
      "32": { "start": { "line": 33, "column": 0 }, "end": { "line": 33, "column": 4 } },
      "33": { "start": { "line": 34, "column": 0 }, "end": { "line": 34, "column": 1 } },
      "34": { "start": { "line": 35, "column": 0 }, "end": { "line": 35, "column": 0 } },
      "35": { "start": { "line": 36, "column": 0 }, "end": { "line": 36, "column": 22 } }
    },
    "s": {
      "0": 1,
      "1": 1,
      "2": 1,
      "3": 1,
      "4": 1,
      "5": 1,
      "6": 1,
      "7": 1,
      "8": 1,
      "9": 1,
      "10": 4,
      "11": 4,
      "12": 4,
      "13": 4,
      "14": 4,
      "15": 4,
      "16": 4,
      "17": 4,
      "18": 4,
      "19": 4,
      "20": 4,
      "21": 4,
      "22": 4,
      "23": 4,
      "24": 4,
      "25": 4,
      "26": 12,
      "27": 12,
      "28": 12,
      "29": 4,
      "30": 4,
      "31": 4,
      "32": 4,
      "33": 4,
      "34": 1,
      "35": 1
    },
    "branchMap": {
      "0": {
        "type": "branch",
        "line": 11,
        "loc": { "start": { "line": 11, "column": 0 }, "end": { "line": 34, "column": 1 } },
        "locations": [{ "start": { "line": 11, "column": 0 }, "end": { "line": 34, "column": 1 } }]
      },
      "1": {
        "type": "branch",
        "line": 19,
        "loc": { "start": { "line": 19, "column": 20 }, "end": { "line": 19, "column": 66 } },
        "locations": [
          { "start": { "line": 19, "column": 20 }, "end": { "line": 19, "column": 66 } }
        ]
      },
      "2": {
        "type": "branch",
        "line": 26,
        "loc": { "start": { "line": 26, "column": 22 }, "end": { "line": 29, "column": 21 } },
        "locations": [
          { "start": { "line": 26, "column": 22 }, "end": { "line": 29, "column": 21 } }
        ]
      }
    },
    "b": { "0": [4], "1": [1], "2": [12] },
    "fnMap": {
      "0": {
        "name": "Select",
        "decl": { "start": { "line": 11, "column": 0 }, "end": { "line": 34, "column": 1 } },
        "loc": { "start": { "line": 11, "column": 0 }, "end": { "line": 34, "column": 1 } },
        "line": 11
      },
      "1": {
        "name": "onChange",
        "decl": { "start": { "line": 19, "column": 20 }, "end": { "line": 19, "column": 66 } },
        "loc": { "start": { "line": 19, "column": 20 }, "end": { "line": 19, "column": 66 } },
        "line": 19
      }
    },
    "f": { "0": 4, "1": 1 }
  },
  "D:\\React2023Q1\\React-modules\\src\\components\\SubmitButton\\SubmitButton.tsx": {
    "path": "D:\\React2023Q1\\React-modules\\src\\components\\SubmitButton\\SubmitButton.tsx",
    "all": false,
    "statementMap": {
      "0": { "start": { "line": 1, "column": 0 }, "end": { "line": 1, "column": 25 } },
      "1": { "start": { "line": 2, "column": 0 }, "end": { "line": 2, "column": 79 } },
      "2": { "start": { "line": 3, "column": 0 }, "end": { "line": 3, "column": 1 } },
      "3": { "start": { "line": 4, "column": 0 }, "end": { "line": 4, "column": 0 } },
      "4": { "start": { "line": 5, "column": 0 }, "end": { "line": 5, "column": 28 } }
    },
    "s": { "0": 5, "1": 5, "2": 5, "3": 1, "4": 1 },
    "branchMap": {
      "0": {
        "type": "branch",
        "line": 1,
        "loc": { "start": { "line": 1, "column": 0 }, "end": { "line": 3, "column": 1 } },
        "locations": [{ "start": { "line": 1, "column": 0 }, "end": { "line": 3, "column": 1 } }]
      }
    },
    "b": { "0": [5] },
    "fnMap": {
      "0": {
        "name": "SubmitButton",
        "decl": { "start": { "line": 1, "column": 0 }, "end": { "line": 3, "column": 1 } },
        "loc": { "start": { "line": 1, "column": 0 }, "end": { "line": 3, "column": 1 } },
        "line": 1
      }
    },
    "f": { "0": 5 }
  },
  "D:\\React2023Q1\\React-modules\\src\\components\\TextInput\\TextInput.tsx": {
    "path": "D:\\React2023Q1\\React-modules\\src\\components\\TextInput\\TextInput.tsx",
    "all": false,
    "statementMap": {
      "0": { "start": { "line": 1, "column": 0 }, "end": { "line": 1, "column": 33 } },
      "1": { "start": { "line": 2, "column": 0 }, "end": { "line": 2, "column": 42 } },
      "2": { "start": { "line": 3, "column": 0 }, "end": { "line": 3, "column": 0 } },
      "3": { "start": { "line": 4, "column": 0 }, "end": { "line": 4, "column": 14 } },
      "4": { "start": { "line": 5, "column": 0 }, "end": { "line": 5, "column": 20 } },
      "5": { "start": { "line": 6, "column": 0 }, "end": { "line": 6, "column": 20 } },
      "6": { "start": { "line": 7, "column": 0 }, "end": { "line": 7, "column": 40 } },
      "7": { "start": { "line": 8, "column": 0 }, "end": { "line": 8, "column": 2 } },
      "8": { "start": { "line": 9, "column": 0 }, "end": { "line": 9, "column": 0 } },
      "9": { "start": { "line": 10, "column": 0 }, "end": { "line": 10, "column": 74 } },
      "10": { "start": { "line": 11, "column": 0 }, "end": { "line": 11, "column": 33 } },
      "11": { "start": { "line": 12, "column": 0 }, "end": { "line": 12, "column": 0 } },
      "12": { "start": { "line": 13, "column": 0 }, "end": { "line": 13, "column": 10 } },
      "13": { "start": { "line": 14, "column": 0 }, "end": { "line": 14, "column": 11 } },
      "14": { "start": { "line": 15, "column": 0 }, "end": { "line": 15, "column": 31 } },
      "15": { "start": { "line": 16, "column": 0 }, "end": { "line": 16, "column": 12 } },
      "16": { "start": { "line": 17, "column": 0 }, "end": { "line": 17, "column": 33 } },
      "17": { "start": { "line": 18, "column": 0 }, "end": { "line": 18, "column": 63 } },
      "18": { "start": { "line": 19, "column": 0 }, "end": { "line": 19, "column": 11 } },
      "19": { "start": { "line": 20, "column": 0 }, "end": { "line": 20, "column": 19 } },
      "20": { "start": { "line": 21, "column": 0 }, "end": { "line": 21, "column": 36 } },
      "21": { "start": { "line": 22, "column": 0 }, "end": { "line": 22, "column": 32 } },
      "22": { "start": { "line": 23, "column": 0 }, "end": { "line": 23, "column": 23 } },
      "23": { "start": { "line": 24, "column": 0 }, "end": { "line": 24, "column": 8 } },
      "24": { "start": { "line": 25, "column": 0 }, "end": { "line": 25, "column": 12 } },
      "25": { "start": { "line": 26, "column": 0 }, "end": { "line": 26, "column": 4 } },
      "26": { "start": { "line": 27, "column": 0 }, "end": { "line": 27, "column": 1 } },
      "27": { "start": { "line": 28, "column": 0 }, "end": { "line": 28, "column": 0 } },
      "28": { "start": { "line": 29, "column": 0 }, "end": { "line": 29, "column": 25 } }
    },
    "s": {
      "0": 1,
      "1": 1,
      "2": 1,
[...]
    "s": {
      "0": 1,
      "1": 1,
      "2": 1,
      "3": 1,
      "4": 1,
      "5": 1,
      "6": 1,
      "7": 1,
      "8": 1,
      "9": 1,
      "10": 1,
      "11": 1,
      "12": 1,
      "13": 1,
      "14": 1,
      "15": 1,
      "16": 1,
      "17": 1,
      "18": 1,
      "19": 1,
      "20": 1,
      "21": 1,
      "22": 1,
      "23": 1,
      "24": 1,
      "25": 1,
      "26": 1,
      "27": 1,
      "28": 1
    },
    "branchMap": {
      "0": {
        "type": "branch",
        "line": 5,
        "loc": { "start": { "line": 5, "column": 0 }, "end": { "line": 29, "column": 1 } },
        "locations": [{ "start": { "line": 5, "column": 0 }, "end": { "line": 29, "column": 1 } }]
      }
    },
    "b": { "0": [1] },
    "fnMap": {
      "0": {
        "name": "AboutPage",
        "decl": { "start": { "line": 5, "column": 0 }, "end": { "line": 29, "column": 1 } },
        "loc": { "start": { "line": 5, "column": 0 }, "end": { "line": 29, "column": 1 } },
        "line": 5
      }
    },
    "f": { "0": 1 }
  },
  "D:\\React2023Q1\\React-modules\\src\\routes\\error-page\\error-page.tsx": {
    "path": "D:\\React2023Q1\\React-modules\\src\\routes\\error-page\\error-page.tsx",
    "all": false,
    "statementMap": {
      "0": { "start": { "line": 1, "column": 0 }, "end": { "line": 1, "column": 26 } },
      "1": { "start": { "line": 2, "column": 0 }, "end": { "line": 2, "column": 0 } },
      "2": { "start": { "line": 3, "column": 0 }, "end": { "line": 3, "column": 37 } },
      "3": { "start": { "line": 4, "column": 0 }, "end": { "line": 4, "column": 10 } },
      "4": { "start": { "line": 5, "column": 0 }, "end": { "line": 5, "column": 32 } },
      "5": { "start": { "line": 6, "column": 0 }, "end": { "line": 6, "column": 43 } },
      "6": { "start": { "line": 7, "column": 0 }, "end": { "line": 7, "column": 63 } },
      "7": { "start": { "line": 8, "column": 0 }, "end": { "line": 8, "column": 10 } },
      "8": { "start": { "line": 9, "column": 0 }, "end": { "line": 9, "column": 4 } },
      "9": { "start": { "line": 10, "column": 0 }, "end": { "line": 10, "column": 1 } }
    },
    "s": { "0": 1, "1": 1, "2": 1, "3": 1, "4": 1, "5": 1, "6": 1, "7": 1, "8": 1, "9": 1 },
    "branchMap": {
      "0": {
        "type": "branch",
        "line": 3,
        "loc": { "start": { "line": 3, "column": 0 }, "end": { "line": 10, "column": 1 } },
        "locations": [{ "start": { "line": 3, "column": 0 }, "end": { "line": 10, "column": 1 } }]
      }
    },
    "b": { "0": [1] },
    "fnMap": {
      "0": {
        "name": "ErrorPage",
        "decl": { "start": { "line": 3, "column": 0 }, "end": { "line": 10, "column": 1 } },
        "loc": { "start": { "line": 3, "column": 0 }, "end": { "line": 10, "column": 1 } },
        "line": 3
      }
    },
    "f": { "0": 1 }
  },
  "D:\\React2023Q1\\React-modules\\src\\routes\\form\\form.tsx": {
    "path": "D:\\React2023Q1\\React-modules\\src\\routes\\form\\form.tsx",
    "all": false,
    "statementMap": {
      "0": { "start": { "line": 1, "column": 0 }, "end": { "line": 1, "column": 41 } },
      "1": { "start": { "line": 2, "column": 0 }, "end": { "line": 2, "column": 42 } },
      "2": { "start": { "line": 3, "column": 0 }, "end": { "line": 3, "column": 55 } },
      "3": { "start": { "line": 4, "column": 0 }, "end": { "line": 4, "column": 49 } },
      "4": { "start": { "line": 5, "column": 0 }, "end": { "line": 5, "column": 49 } },
      "5": { "start": { "line": 6, "column": 0 }, "end": { "line": 6, "column": 61 } },
      "6": { "start": { "line": 7, "column": 0 }, "end": { "line": 7, "column": 61 } },
      "7": { "start": { "line": 8, "column": 0 }, "end": { "line": 8, "column": 52 } },
      "8": { "start": { "line": 9, "column": 0 }, "end": { "line": 9, "column": 73 } },
      "9": { "start": { "line": 10, "column": 0 }, "end": { "line": 10, "column": 64 } },
      "10": { "start": { "line": 11, "column": 0 }, "end": { "line": 11, "column": 61 } },
      "11": { "start": { "line": 12, "column": 0 }, "end": { "line": 12, "column": 70 } },
      "12": { "start": { "line": 13, "column": 0 }, "end": { "line": 13, "column": 73 } },
      "13": { "start": { "line": 14, "column": 0 }, "end": { "line": 14, "column": 0 } },
      "14": { "start": { "line": 15, "column": 0 }, "end": { "line": 15, "column": 20 } },
      "15": { "start": { "line": 16, "column": 0 }, "end": { "line": 16, "column": 0 } },
      "16": { "start": { "line": 17, "column": 0 }, "end": { "line": 17, "column": 17 } },
      "17": { "start": { "line": 18, "column": 0 }, "end": { "line": 18, "column": 37 } },
      "18": { "start": { "line": 19, "column": 0 }, "end": { "line": 19, "column": 0 } },
      "19": { "start": { "line": 20, "column": 0 }, "end": { "line": 20, "column": 33 } },
      "20": { "start": { "line": 21, "column": 0 }, "end": { "line": 21, "column": 76 } },
      "21": { "start": { "line": 22, "column": 0 }, "end": { "line": 22, "column": 0 } },
      "22": { "start": { "line": 23, "column": 0 }, "end": { "line": 23, "column": 56 } },
      "23": { "start": { "line": 24, "column": 0 }, "end": { "line": 24, "column": 66 } },
      "24": { "start": { "line": 25, "column": 0 }, "end": { "line": 25, "column": 65 } },
      "25": { "start": { "line": 26, "column": 0 }, "end": { "line": 26, "column": 63 } },
      "26": { "start": { "line": 27, "column": 0 }, "end": { "line": 27, "column": 63 } },
      "27": { "start": { "line": 28, "column": 0 }, "end": { "line": 28, "column": 77 } },
      "28": { "start": { "line": 29, "column": 0 }, "end": { "line": 29, "column": 48 } },
      "29": { "start": { "line": 30, "column": 0 }, "end": { "line": 30, "column": 0 } },
      "30": { "start": { "line": 31, "column": 0 }, "end": { "line": 31, "column": 43 } },
      "31": { "start": { "line": 32, "column": 0 }, "end": { "line": 32, "column": 38 } },
      "32": { "start": { "line": 33, "column": 0 }, "end": { "line": 33, "column": 13 } },
      "33": { "start": { "line": 34, "column": 0 }, "end": { "line": 34, "column": 20 } },
      "34": { "start": { "line": 35, "column": 0 }, "end": { "line": 35, "column": 31 } },
      "35": { "start": { "line": 36, "column": 0 }, "end": { "line": 36, "column": 38 } },
      "36": { "start": { "line": 37, "column": 0 }, "end": { "line": 37, "column": 70 } },
      "37": { "start": { "line": 38, "column": 0 }, "end": { "line": 38, "column": 38 } },
      "38": { "start": { "line": 39, "column": 0 }, "end": { "line": 39, "column": 27 } },
      "39": { "start": { "line": 40, "column": 0 }, "end": { "line": 40, "column": 59 } },
      "40": { "start": { "line": 41, "column": 0 }, "end": { "line": 41, "column": 51 } },
      "41": { "start": { "line": 42, "column": 0 }, "end": { "line": 42, "column": 51 } },
      "42": { "start": { "line": 43, "column": 0 }, "end": { "line": 43, "column": 8 } },
      "43": { "start": { "line": 44, "column": 0 }, "end": { "line": 44, "column": 6 } },
      "44": { "start": { "line": 45, "column": 0 }, "end": { "line": 45, "column": 22 } },
      "45": { "start": { "line": 46, "column": 0 }, "end": { "line": 46, "column": 5 } },
      "46": { "start": { "line": 47, "column": 0 }, "end": { "line": 47, "column": 0 } },
      "47": { "start": { "line": 48, "column": 0 }, "end": { "line": 48, "column": 10 } },
      "48": { "start": { "line": 49, "column": 0 }, "end": { "line": 49, "column": 31 } },
      "49": { "start": { "line": 50, "column": 0 }, "end": { "line": 50, "column": 68 } },
      "50": { "start": { "line": 51, "column": 0 }, "end": { "line": 51, "column": 18 } },
      "51": { "start": { "line": 52, "column": 0 }, "end": { "line": 52, "column": 36 } },
      "52": { "start": { "line": 53, "column": 0 }, "end": { "line": 53, "column": 40 } },
      "53": { "start": { "line": 54, "column": 0 }, "end": { "line": 54, "column": 51 } },
      "54": { "start": { "line": 55, "column": 0 }, "end": { "line": 55, "column": 10 } },
      "55": { "start": { "line": 56, "column": 0 }, "end": { "line": 56, "column": 18 } },
      "56": { "start": { "line": 57, "column": 0 }, "end": { "line": 57, "column": 36 } },
      "57": { "start": { "line": 58, "column": 0 }, "end": { "line": 58, "column": 40 } },
      "58": { "start": { "line": 59, "column": 0 }, "end": { "line": 59, "column": 51 } },
      "59": { "start": { "line": 60, "column": 0 }, "end": { "line": 60, "column": 10 } },
      "60": { "start": { "line": 61, "column": 0 }, "end": { "line": 61, "column": 15 } },
      "61": { "start": { "line": 62, "column": 0 }, "end": { "line": 62, "column": 32 } },
      "62": { "start": { "line": 63, "column": 0 }, "end": { "line": 63, "column": 45 } },
      "63": { "start": { "line": 64, "column": 0 }, "end": { "line": 64, "column": 57 } },
      "64": { "start": { "line": 65, "column": 0 }, "end": { "line": 65, "column": 55 } },
      "65": { "start": { "line": 66, "column": 0 }, "end": { "line": 66, "column": 10 } },
      "66": { "start": { "line": 67, "column": 0 }, "end": { "line": 67, "column": 41 } },
      "67": { "start": { "line": 68, "column": 0 }, "end": { "line": 68, "column": 78 } },
      "68": { "start": { "line": 69, "column": 0 }, "end": { "line": 69, "column": 76 } },
      "69": { "start": { "line": 70, "column": 0 }, "end": { "line": 70, "column": 14 } },
      "70": { "start": { "line": 71, "column": 0 }, "end": { "line": 71, "column": 93 } },
      "71": { "start": { "line": 72, "column": 0 }, "end": { "line": 72, "column": 22 } },
      "72": { "start": { "line": 73, "column": 0 }, "end": { "line": 73, "column": 50 } },
      "73": { "start": { "line": 74, "column": 0 }, "end": { "line": 74, "column": 32 } },
      "74": { "start": { "line": 75, "column": 0 }, "end": { "line": 75, "column": 31 } },
      "75": { "start": { "line": 76, "column": 0 }, "end": { "line": 76, "column": 10 } },
      "76": { "start": { "line": 77, "column": 0 }, "end": { "line": 77, "column": 24 } },
      "77": { "start": { "line": 78, "column": 0 }, "end": { "line": 78, "column": 13 } },
      "78": { "start": { "line": 79, "column": 0 }, "end": { "line": 79, "column": 36 } },
      "79": { "start": { "line": 80, "column": 0 }, "end": { "line": 80, "column": 10 } },
      "80": { "start": { "line": 81, "column": 0 }, "end": { "line": 81, "column": 4 } },
      "81": { "start": { "line": 82, "column": 0 }, "end": { "line": 82, "column": 1 } },
      "82": { "start": { "line": 83, "column": 0 }, "end": { "line": 83, "column": 0 } },
      "83": { "start": { "line": 84, "column": 0 }, "end": { "line": 84, "column": 20 } }
    },
    "s": {
      "0": 1,
      "1": 1,
      "2": 1,
      "3": 1,
      "4": 1,
      "5": 1,
      "6": 1,
      "7": 1,
      "8": 1,
      "9": 1,
      "10": 1,
      "11": 1,
      "12": 1,
      "13": 1,
      "14": 1,
      "15": 1,
      "16": 4,
      "17": 4,
      "18": 4,
      "19": 4,
      "20": 4,
      "21": 4,
      "22": 4,
      "23": 4,
      "24": 4,
      "25": 4,
      "26": 4,
      "27": 4,
      "28": 4,
      "29": 4,
      "30": 4,
      "31": 0,
      "32": 0,
      "33": 0,
      "34": 0,
      "35": 0,
      "36": 0,
      "37": 0,
      "38": 0,
      "39": 0,
      "40": 0,
      "41": 0,
      "42": 0,
      "43": 0,
      "44": 0,
      "45": 4,
      "46": 4,
      "47": 4,
      "48": 4,
      "49": 4,
      "50": 4,
      "51": 4,
      "52": 4,
      "53": 4,
      "54": 4,
      "55": 4,
      "56": 4,
      "57": 4,
      "58": 4,
      "59": 4,
      "60": 4,
      "61": 4,
      "62": 4,
      "63": 4,
      "64": 4,
      "65": 4,
      "66": 4,
      "67": 4,
      "68": 4,
      "69": 4,
      "70": 4,
      "71": 4,
      "72": 4,
      "73": 4,
      "74": 4,
      "75": 4,
      "76": 4,
      "77": 4,
      "78": 4,
      "79": 4,
      "80": 4,
      "81": 4,
      "82": 1,
      "83": 1
    },
    "branchMap": {
      "0": {
        "type": "branch",
        "line": 17,
        "loc": { "start": { "line": 17, "column": 0 }, "end": { "line": 82, "column": 1 } },
        "locations": [{ "start": { "line": 17, "column": 0 }, "end": { "line": 82, "column": 1 } }]
      },
      "1": {
        "type": "branch",
        "line": 21,
        "loc": { "start": { "line": 21, "column": 35 }, "end": { "line": 21, "column": 74 } },
        "locations": [
          { "start": { "line": 21, "column": 35 }, "end": { "line": 21, "column": 74 } }
        ]
      }
    },
    "b": { "0": [4], "1": [4] },
    "fnMap": {
      "0": {
        "name": "Form",
        "decl": { "start": { "line": 17, "column": 0 }, "end": { "line": 82, "column": 1 } },
        "loc": { "start": { "line": 17, "column": 0 }, "end": { "line": 82, "column": 1 } },
        "line": 17
      }
    },
    "f": { "0": 4 }
  },
  "D:\\React2023Q1\\React-modules\\src\\routes\\root\\root.tsx": {
    "path": "D:\\React2023Q1\\React-modules\\src\\routes\\root\\root.tsx",
    "all": false,
    "statementMap": {
      "0": { "start": { "line": 1, "column": 0 }, "end": { "line": 1, "column": 67 } },
      "1": { "start": { "line": 2, "column": 0 }, "end": { "line": 2, "column": 0 } },
      "2": { "start": { "line": 3, "column": 0 }, "end": { "line": 3, "column": 20 } },
      "3": { "start": { "line": 4, "column": 0 }, "end": { "line": 4, "column": 0 } },
      "4": { "start": { "line": 5, "column": 0 }, "end": { "line": 5, "column": 17 } },
      "5": { "start": { "line": 6, "column": 0 }, "end": { "line": 6, "column": 10 } },
      "6": { "start": { "line": 7, "column": 0 }, "end": { "line": 7, "column": 55 } },
      "7": { "start": { "line": 8, "column": 0 }, "end": { "line": 8, "column": 21 } },
      "8": { "start": { "line": 9, "column": 0 }, "end": { "line": 9, "column": 10 } },
      "9": { "start": { "line": 10, "column": 0 }, "end": { "line": 10, "column": 4 } },
      "10": { "start": { "line": 11, "column": 0 }, "end": { "line": 11, "column": 1 } },
      "11": { "start": { "line": 12, "column": 0 }, "end": { "line": 12, "column": 0 } },
      "12": { "start": { "line": 13, "column": 0 }, "end": { "line": 13, "column": 20 } }
    },
    "s": {
      "0": 1,
      "1": 1,
      "2": 1,
      "3": 1,
      "4": 1,
      "5": 1,
      "6": 1,
      "7": 1,
      "8": 1,
      "9": 1,
      "10": 1,
      "11": 1,
      "12": 1
    },
    "branchMap": {
      "0": {
        "type": "branch",
        "line": 5,
        "loc": { "start": { "line": 5, "column": 0 }, "end": { "line": 11, "column": 1 } },
        "locations": [{ "start": { "line": 5, "column": 0 }, "end": { "line": 11, "column": 1 } }]
      }
    },
    "b": { "0": [1] },
    "fnMap": {
      "0": {
        "name": "Root",
        "decl": { "start": { "line": 5, "column": 0 }, "end": { "line": 11, "column": 1 } },
        "loc": { "start": { "line": 5, "column": 0 }, "end": { "line": 11, "column": 1 } },
        "line": 5
      }
    },
    "f": { "0": 1 }
  },
  "D:\\React2023Q1\\React-modules\\src\\services\\rickandmorty.ts": {
    "path": "D:\\React2023Q1\\React-modules\\src\\services\\rickandmorty.ts",
    "all": false,
    "statementMap": {
      "0": { "start": { "line": 1, "column": 0 }, "end": { "line": 1, "column": 73 } },
      "1": { "start": { "line": 2, "column": 0 }, "end": { "line": 2, "column": 44 } },
      "2": { "start": { "line": 3, "column": 0 }, "end": { "line": 3, "column": 0 } },
      "3": { "start": { "line": 4, "column": 0 }, "end": { "line": 4, "column": 14 } },
      "4": { "start": { "line": 5, "column": 0 }, "end": { "line": 5, "column": 22 } },
      "5": { "start": { "line": 6, "column": 0 }, "end": { "line": 6, "column": 15 } },
      "6": { "start": { "line": 7, "column": 0 }, "end": { "line": 7, "column": 2 } },
      "7": { "start": { "line": 8, "column": 0 }, "end": { "line": 8, "column": 0 } },
      "8": { "start": { "line": 9, "column": 0 }, "end": { "line": 9, "column": 42 } },
      "9": { "start": { "line": 10, "column": 0 }, "end": { "line": 10, "column": 33 } },
      "10": { "start": { "line": 11, "column": 0 }, "end": { "line": 11, "column": 77 } },
      "11": { "start": { "line": 12, "column": 0 }, "end": { "line": 12, "column": 28 } },
      "12": { "start": { "line": 13, "column": 0 }, "end": { "line": 13, "column": 48 } },
      "13": { "start": { "line": 14, "column": 0 }, "end": { "line": 14, "column": 25 } },
      "14": { "start": { "line": 15, "column": 0 }, "end": { "line": 15, "column": 26 } },
      "15": { "start": { "line": 16, "column": 0 }, "end": { "line": 16, "column": 17 } },
      "16": { "start": { "line": 17, "column": 0 }, "end": { "line": 17, "column": 26 } },
      "17": { "start": { "line": 18, "column": 0 }, "end": { "line": 18, "column": 33 } },
      "18": { "start": { "line": 19, "column": 0 }, "end": { "line": 19, "column": 10 } },
      "19": { "start": { "line": 20, "column": 0 }, "end": { "line": 20, "column": 9 } },
      "20": { "start": { "line": 21, "column": 0 }, "end": { "line": 21, "column": 7 } },
      "21": { "start": { "line": 22, "column": 0 }, "end": { "line": 22, "column": 5 } },
      "22": { "start": { "line": 23, "column": 0 }, "end": { "line": 23, "column": 3 } },
      "23": { "start": { "line": 24, "column": 0 }, "end": { "line": 24, "column": 0 } },
      "24": { "start": { "line": 25, "column": 0 }, "end": { "line": 25, "column": 57 } }
    },
    "s": {
      "0": 1,
      "1": 1,
      "2": 1,
      "3": 1,
      "4": 1,
      "5": 1,
      "6": 1,
      "7": 1,
      "8": 1,
      "9": 1,
      "10": 1,
      "11": 1,
      "12": 4,
      "13": 4,
      "14": 2,
      "15": 2,
      "16": 2,
      "17": 2,
      "18": 2,
      "19": 2,
      "20": 4,
      "21": 4,
      "22": 1,
      "23": 1,
      "24": 1
    },
    "branchMap": {
      "0": {
        "type": "branch",
        "line": 12,
        "loc": { "start": { "line": 12, "column": 13 }, "end": { "line": 22, "column": 5 } },
        "locations": [{ "start": { "line": 12, "column": 13 }, "end": { "line": 22, "column": 5 } }]
      },
      "1": {
        "type": "branch",
        "line": 14,
        "loc": { "start": { "line": 14, "column": 13 }, "end": { "line": 20, "column": 9 } },
        "locations": [{ "start": { "line": 14, "column": 13 }, "end": { "line": 20, "column": 9 } }]
      },
      "2": {
        "type": "branch",
        "line": 23,
        "loc": { "start": { "line": 23, "column": 1 }, "end": { "line": 23, "column": 3 } },
        "locations": [{ "start": { "line": 23, "column": 1 }, "end": { "line": 23, "column": 3 } }]
      },
      "3": {
        "type": "branch",
        "line": 25,
        "loc": { "start": { "line": 25, "column": 41 }, "end": { "line": 25, "column": 57 } },
        "locations": [
          { "start": { "line": 25, "column": 41 }, "end": { "line": 25, "column": 57 } }
        ]
      }
    },
    "b": { "0": [4], "1": [2], "2": [12], "3": [6] },
    "fnMap": {
      "0": {
        "name": "endpoints",
        "decl": { "start": { "line": 12, "column": 13 }, "end": { "line": 22, "column": 5 } },
        "loc": { "start": { "line": 12, "column": 13 }, "end": { "line": 22, "column": 5 } },
        "line": 12
      },
      "1": {
        "name": "query",
        "decl": { "start": { "line": 14, "column": 13 }, "end": { "line": 20, "column": 9 } },
        "loc": { "start": { "line": 14, "column": 13 }, "end": { "line": 20, "column": 9 } },
        "line": 14
      },
      "2": {
        "name": "get",
        "decl": { "start": { "line": 23, "column": 1 }, "end": { "line": 23, "column": 3 } },
        "loc": { "start": { "line": 23, "column": 1 }, "end": { "line": 23, "column": 3 } },
        "line": 23
      },
      "3": {
        "name": "get",
        "decl": { "start": { "line": 25, "column": 41 }, "end": { "line": 25, "column": 57 } },
        "loc": { "start": { "line": 25, "column": 41 }, "end": { "line": 25, "column": 57 } },
        "line": 25
      }
    },
    "f": { "0": 4, "1": 2, "2": 12, "3": 6 }
  }
}
