{
  "D:\\React2023Q1\\React-modules\\src\\components\\SearchBar\\SearchBar.tsx": {
    "path": "D:\\React2023Q1\\React-modules\\src\\components\\SearchBar\\SearchBar.tsx",
    "all": false,
    "statementMap": {
      "0": { "start": { "line": 1, "column": 0 }, "end": { "line": 1, "column": 26 } },
      "1": { "start": { "line": 2, "column": 0 }, "end": { "line": 2, "column": 49 } },
      "2": { "start": { "line": 3, "column": 0 }, "end": { "line": 3, "column": 0 } },
      "3": { "start": { "line": 4, "column": 0 }, "end": { "line": 4, "column": 25 } },
      "4": { "start": { "line": 5, "column": 0 }, "end": { "line": 5, "column": 0 } },
      "5": { "start": { "line": 6, "column": 0 }, "end": { "line": 6, "column": 61 } },
      "6": { "start": { "line": 7, "column": 0 }, "end": { "line": 7, "column": 29 } },
      "7": { "start": { "line": 8, "column": 0 }, "end": { "line": 8, "column": 17 } },
      "8": { "start": { "line": 9, "column": 0 }, "end": { "line": 9, "column": 18 } },
      "9": { "start": { "line": 10, "column": 0 }, "end": { "line": 10, "column": 61 } },
      "10": { "start": { "line": 11, "column": 0 }, "end": { "line": 11, "column": 6 } },
      "11": { "start": { "line": 12, "column": 0 }, "end": { "line": 12, "column": 3 } },
      "12": { "start": { "line": 13, "column": 0 }, "end": { "line": 13, "column": 0 } },
      "13": { "start": { "line": 14, "column": 0 }, "end": { "line": 14, "column": 46 } },
      "14": { "start": { "line": 15, "column": 0 }, "end": { "line": 15, "column": 59 } },
      "15": { "start": { "line": 16, "column": 0 }, "end": { "line": 16, "column": 66 } },
      "16": { "start": { "line": 17, "column": 0 }, "end": { "line": 17, "column": 5 } },
      "17": { "start": { "line": 18, "column": 0 }, "end": { "line": 18, "column": 3 } },
      "18": { "start": { "line": 19, "column": 0 }, "end": { "line": 19, "column": 0 } },
      "19": { "start": { "line": 20, "column": 0 }, "end": { "line": 20, "column": 72 } },
      "20": { "start": { "line": 21, "column": 0 }, "end": { "line": 21, "column": 43 } },
      "21": { "start": { "line": 22, "column": 0 }, "end": { "line": 22, "column": 35 } },
      "22": { "start": { "line": 23, "column": 0 }, "end": { "line": 23, "column": 4 } },
      "23": { "start": { "line": 24, "column": 0 }, "end": { "line": 24, "column": 0 } },
      "24": { "start": { "line": 25, "column": 0 }, "end": { "line": 25, "column": 12 } },
      "25": { "start": { "line": 26, "column": 0 }, "end": { "line": 26, "column": 12 } },
      "26": { "start": { "line": 27, "column": 0 }, "end": { "line": 27, "column": 43 } },
      "27": { "start": { "line": 28, "column": 0 }, "end": { "line": 28, "column": 14 } },
      "28": { "start": { "line": 29, "column": 0 }, "end": { "line": 29, "column": 29 } },
      "29": { "start": { "line": 30, "column": 0 }, "end": { "line": 30, "column": 30 } },
      "30": { "start": { "line": 31, "column": 0 }, "end": { "line": 31, "column": 23 } },
      "31": { "start": { "line": 32, "column": 0 }, "end": { "line": 32, "column": 40 } },
      "32": { "start": { "line": 33, "column": 0 }, "end": { "line": 33, "column": 43 } },
      "33": { "start": { "line": 34, "column": 0 }, "end": { "line": 34, "column": 34 } },
      "34": { "start": { "line": 35, "column": 0 }, "end": { "line": 35, "column": 10 } },
      "35": { "start": { "line": 36, "column": 0 }, "end": { "line": 36, "column": 13 } },
      "36": { "start": { "line": 37, "column": 0 }, "end": { "line": 37, "column": 6 } },
      "37": { "start": { "line": 38, "column": 0 }, "end": { "line": 38, "column": 3 } },
      "38": { "start": { "line": 39, "column": 0 }, "end": { "line": 39, "column": 1 } },
      "39": { "start": { "line": 40, "column": 0 }, "end": { "line": 40, "column": 0 } },
      "40": { "start": { "line": 41, "column": 0 }, "end": { "line": 41, "column": 25 } }
    },
    "s": {
      "0": 1,
      "1": 1,
      "2": 1,
      "3": 1,
      "4": 1,
      "5": 1,
      "6": 1,
      "7": 1,
      "8": 1,
      "9": 1,
      "10": 1,
      "11": 1,
      "12": 1,
      "13": 1,
      "14": 0,
      "15": 0,
      "16": 0,
      "17": 0,
      "18": 1,
      "19": 1,
      "20": 0,
      "21": 0,
      "22": 0,
      "23": 1,
      "24": 1,
      "25": 1,
      "26": 1,
      "27": 1,
      "28": 1,
      "29": 1,
      "30": 1,
      "31": 1,
      "32": 1,
      "33": 1,
      "34": 1,
      "35": 1,
      "36": 1,
      "37": 1,
      "38": 1,
      "39": 1,
      "40": 1
    },
    "branchMap": {
      "0": {
        "type": "branch",
        "line": 7,
        "loc": { "start": { "line": 7, "column": 2 }, "end": { "line": 12, "column": 3 } },
        "locations": [{ "start": { "line": 7, "column": 2 }, "end": { "line": 12, "column": 3 } }]
      },
      "1": {
        "type": "branch",
        "line": 20,
        "loc": { "start": { "line": 20, "column": 2 }, "end": { "line": 23, "column": 4 } },
        "locations": [{ "start": { "line": 20, "column": 2 }, "end": { "line": 23, "column": 4 } }]
      },
      "2": {
        "type": "branch",
        "line": 25,
        "loc": { "start": { "line": 25, "column": 2 }, "end": { "line": 38, "column": 3 } },
        "locations": [{ "start": { "line": 25, "column": 2 }, "end": { "line": 38, "column": 3 } }]
      }
    },
    "b": { "0": [1], "1": [1], "2": [1] },
    "fnMap": {
      "0": {
        "name": "SearchBar",
        "decl": { "start": { "line": 7, "column": 2 }, "end": { "line": 12, "column": 3 } },
        "loc": { "start": { "line": 7, "column": 2 }, "end": { "line": 12, "column": 3 } },
        "line": 7
      },
      "1": {
        "name": "componentDidUpdate",
        "decl": { "start": { "line": 14, "column": 2 }, "end": { "line": 18, "column": 3 } },
        "loc": { "start": { "line": 14, "column": 2 }, "end": { "line": 18, "column": 3 } },
        "line": 14
      },
      "2": {
        "name": "<instance_members_initializer>",
        "decl": { "start": { "line": 20, "column": 2 }, "end": { "line": 23, "column": 4 } },
        "loc": { "start": { "line": 20, "column": 2 }, "end": { "line": 23, "column": 4 } },
        "line": 20
      },
      "3": {
        "name": "handleSearchChange",
        "decl": { "start": { "line": 20, "column": 23 }, "end": { "line": 23, "column": 4 } },
        "loc": { "start": { "line": 20, "column": 23 }, "end": { "line": 23, "column": 4 } },
        "line": 20
      },
      "4": {
        "name": "render",
        "decl": { "start": { "line": 25, "column": 2 }, "end": { "line": 38, "column": 3 } },
        "loc": { "start": { "line": 25, "column": 2 }, "end": { "line": 38, "column": 3 } },
        "line": 25
      }
    },
    "f": { "0": 1, "1": 0, "2": 1, "3": 0, "4": 1 }
  }
}
